2024-07-16 09:02:24 INFO  CatGameWesbiteApplication:50 - Starting CatGameWesbiteApplication using Java 22.0.1 with PID 15348 (C:\Users\HP\OneDrive\Área de Trabalho\CatGameWesbite\CatGameWesbite\target\classes started by HP in C:\Users\HP\OneDrive\Área de Trabalho\CatGameWesbite\CatGameWesbite)
2024-07-16 09:02:24 INFO  CatGameWesbiteApplication:654 - No active profile set, falling back to 1 default profile: "default"
2024-07-16 09:02:24 INFO  DevToolsPropertyDefaultsPostProcessor:252 - Devtools property defaults active! Set 'spring.devtools.add-properties' to 'false' to disable
2024-07-16 09:02:24 INFO  DevToolsPropertyDefaultsPostProcessor:252 - For additional web related logging consider setting the 'logging.level.web' property to 'DEBUG'
2024-07-16 09:02:26 INFO  TomcatWebServer:111 - Tomcat initialized with port 8081 (http)
2024-07-16 09:02:26 INFO  Http11NioProtocol:173 - Initializing ProtocolHandler ["http-nio-8081"]
2024-07-16 09:02:26 INFO  StandardService:173 - Starting service [Tomcat]
2024-07-16 09:02:26 INFO  StandardEngine:173 - Starting Servlet engine: [Apache Tomcat/10.1.25]
2024-07-16 09:02:26 INFO  [/]:173 - Initializing Spring embedded WebApplicationContext
2024-07-16 09:02:26 INFO  ServletWebServerApplicationContext:296 - Root WebApplicationContext: initialization completed in 1852 ms
2024-07-16 09:02:27 INFO  Database:38 - The driver name is SQLite JDBC
2024-07-16 09:02:27 INFO  Database:39 - Connection created with database.
2024-07-16 09:02:27 INFO  WelcomePageHandlerMapping:59 - Adding welcome page template: index
2024-07-16 09:02:27 INFO  OptionalLiveReloadServer:59 - LiveReload server is running on port 35729
2024-07-16 09:02:27 INFO  Http11NioProtocol:173 - Starting ProtocolHandler ["http-nio-8081"]
2024-07-16 09:02:27 INFO  TomcatWebServer:243 - Tomcat started on port 8081 (http) with context path '/'
2024-07-16 09:02:27 INFO  CatGameWesbiteApplication:56 - Started CatGameWesbiteApplication in 4.27 seconds (process running for 5.597)
2024-07-16 09:02:32 INFO  [/]:173 - Initializing Spring DispatcherServlet 'dispatcherServlet'
2024-07-16 09:02:32 INFO  DispatcherServlet:532 - Initializing Servlet 'dispatcherServlet'
2024-07-16 09:02:32 INFO  DispatcherServlet:554 - Completed initialization in 0 ms
2024-07-16 09:02:41 INFO  Database:38 - The driver name is SQLite JDBC
2024-07-16 09:02:41 INFO  Database:39 - Connection created with database.
2024-07-16 09:02:41 INFO  Database:101 - User found.
2024-07-16 09:02:41 WARN  Database:121 - WRONG PASSWORD
2024-07-16 09:02:41 WARN  LoginController:31 - Invalid credentials
2024-07-16 09:02:50 INFO  Database:38 - The driver name is SQLite JDBC
2024-07-16 09:02:50 INFO  Database:39 - Connection created with database.
2024-07-16 09:02:50 INFO  Database:101 - User found.
2024-07-16 09:02:50 INFO  Database:118 - PASSWORD MATCH
2024-07-16 09:02:50 INFO  LoginController:26 - User found and password match.
2024-07-16 09:31:25 INFO  CatGameWesbiteApplication:50 - Starting CatGameWesbiteApplication using Java 22.0.1 with PID 7928 (C:\Users\HP\OneDrive\Área de Trabalho\CatGameWesbite\CatGameWesbite\target\classes started by HP in C:\Users\HP\OneDrive\Área de Trabalho\CatGameWesbite\CatGameWesbite)
2024-07-16 09:31:25 INFO  CatGameWesbiteApplication:654 - No active profile set, falling back to 1 default profile: "default"
2024-07-16 09:31:25 INFO  DevToolsPropertyDefaultsPostProcessor:252 - Devtools property defaults active! Set 'spring.devtools.add-properties' to 'false' to disable
2024-07-16 09:31:25 INFO  DevToolsPropertyDefaultsPostProcessor:252 - For additional web related logging consider setting the 'logging.level.web' property to 'DEBUG'
2024-07-16 09:31:27 INFO  TomcatWebServer:111 - Tomcat initialized with port 8081 (http)
2024-07-16 09:31:27 INFO  Http11NioProtocol:173 - Initializing ProtocolHandler ["http-nio-8081"]
2024-07-16 09:31:27 INFO  StandardService:173 - Starting service [Tomcat]
2024-07-16 09:31:27 INFO  StandardEngine:173 - Starting Servlet engine: [Apache Tomcat/10.1.25]
2024-07-16 09:31:27 INFO  [/]:173 - Initializing Spring embedded WebApplicationContext
2024-07-16 09:31:27 INFO  ServletWebServerApplicationContext:296 - Root WebApplicationContext: initialization completed in 2276 ms
2024-07-16 09:31:27 INFO  Database:38 - The driver name is SQLite JDBC
2024-07-16 09:31:27 INFO  Database:39 - Connection created with database.
2024-07-16 09:31:28 INFO  WelcomePageHandlerMapping:59 - Adding welcome page template: index
2024-07-16 09:31:28 INFO  OptionalLiveReloadServer:59 - LiveReload server is running on port 35729
2024-07-16 09:31:28 INFO  Http11NioProtocol:173 - Starting ProtocolHandler ["http-nio-8081"]
2024-07-16 09:31:28 INFO  TomcatWebServer:243 - Tomcat started on port 8081 (http) with context path '/'
2024-07-16 09:31:28 INFO  CatGameWesbiteApplication:56 - Started CatGameWesbiteApplication in 4.56 seconds (process running for 5.745)
2024-07-16 09:31:29 INFO  [/]:173 - Initializing Spring DispatcherServlet 'dispatcherServlet'
2024-07-16 09:31:29 INFO  DispatcherServlet:532 - Initializing Servlet 'dispatcherServlet'
2024-07-16 09:31:29 INFO  DispatcherServlet:554 - Completed initialization in 1 ms
2024-07-16 09:31:37 INFO  Database:38 - The driver name is SQLite JDBC
2024-07-16 09:31:37 INFO  Database:39 - Connection created with database.
2024-07-16 09:31:37 INFO  Database:101 - User found.
2024-07-16 09:31:37 INFO  Database:118 - PASSWORD MATCH
2024-07-16 09:31:37 INFO  LoginController:26 - User found and password match.
2024-07-16 09:32:12 INFO  LocalDevToolsAutoConfiguration$RestartingClassPathChangeChangedEventListener:211 - Restarting due to 1 class path change (0 additions, 0 deletions, 1 modification)
2024-07-16 09:32:12 INFO  Http11NioProtocol:173 - Stopping ProtocolHandler ["http-nio-8081"]
2024-07-16 09:32:13 INFO  CatGameWesbiteApplication:50 - Starting CatGameWesbiteApplication using Java 22.0.1 with PID 7928 (C:\Users\HP\OneDrive\Área de Trabalho\CatGameWesbite\CatGameWesbite\target\classes started by HP in C:\Users\HP\OneDrive\Área de Trabalho\CatGameWesbite\CatGameWesbite)
2024-07-16 09:32:13 INFO  CatGameWesbiteApplication:654 - No active profile set, falling back to 1 default profile: "default"
2024-07-16 09:32:13 INFO  TomcatWebServer:111 - Tomcat initialized with port 8081 (http)
2024-07-16 09:32:13 INFO  Http11NioProtocol:173 - Initializing ProtocolHandler ["http-nio-8081"]
2024-07-16 09:32:13 INFO  StandardService:173 - Starting service [Tomcat]
2024-07-16 09:32:13 INFO  StandardEngine:173 - Starting Servlet engine: [Apache Tomcat/10.1.25]
2024-07-16 09:32:13 INFO  [/]:173 - Initializing Spring embedded WebApplicationContext
2024-07-16 09:32:13 INFO  ServletWebServerApplicationContext:296 - Root WebApplicationContext: initialization completed in 574 ms
2024-07-16 09:32:13 INFO  Database:38 - The driver name is SQLite JDBC
2024-07-16 09:32:13 INFO  Database:39 - Connection created with database.
2024-07-16 09:32:13 INFO  WelcomePageHandlerMapping:59 - Adding welcome page template: index
2024-07-16 09:32:14 INFO  OptionalLiveReloadServer:59 - LiveReload server is running on port 35729
2024-07-16 09:32:14 INFO  Http11NioProtocol:173 - Starting ProtocolHandler ["http-nio-8081"]
2024-07-16 09:32:14 INFO  TomcatWebServer:243 - Tomcat started on port 8081 (http) with context path '/'
2024-07-16 09:32:14 INFO  CatGameWesbiteApplication:56 - Started CatGameWesbiteApplication in 1.186 seconds (process running for 51.296)
2024-07-16 09:32:14 INFO  ConditionEvaluationDeltaLoggingListener:63 - Condition evaluation unchanged
2024-07-16 09:32:14 INFO  [/]:173 - Initializing Spring DispatcherServlet 'dispatcherServlet'
2024-07-16 09:32:14 INFO  DispatcherServlet:532 - Initializing Servlet 'dispatcherServlet'
2024-07-16 09:32:14 INFO  DispatcherServlet:554 - Completed initialization in 1 ms
2024-07-16 09:32:14 INFO  Database:38 - The driver name is SQLite JDBC
2024-07-16 09:32:14 INFO  Database:39 - Connection created with database.
2024-07-16 09:32:14 INFO  Database:101 - User found.
2024-07-16 09:32:15 INFO  Database:118 - PASSWORD MATCH
2024-07-16 09:32:15 INFO  LoginController:26 - User found and password match.
2024-07-16 09:32:15 ERROR TemplateEngine:1141 - [THYMELEAF][http-nio-8081-exec-2] Exception processing template "2fa": An error happened during template parsing (template: "class path resource [templates/2fa.html]" - line 9, col 38)
org.thymeleaf.exceptions.TemplateInputException: An error happened during template parsing (template: "class path resource [templates/2fa.html]" - line 9, col 38)
	at org.thymeleaf.templateparser.markup.AbstractMarkupTemplateParser.parse(AbstractMarkupTemplateParser.java:239) ~[thymeleaf-3.1.2.RELEASE.jar:3.1.2.RELEASE]
	at org.thymeleaf.templateparser.markup.AbstractMarkupTemplateParser.parseStandalone(AbstractMarkupTemplateParser.java:100) ~[thymeleaf-3.1.2.RELEASE.jar:3.1.2.RELEASE]
	at org.thymeleaf.engine.TemplateManager.parseAndProcess(TemplateManager.java:666) ~[thymeleaf-3.1.2.RELEASE.jar:3.1.2.RELEASE]
	at org.thymeleaf.TemplateEngine.process(TemplateEngine.java:1103) ~[thymeleaf-3.1.2.RELEASE.jar:3.1.2.RELEASE]
	at org.thymeleaf.TemplateEngine.process(TemplateEngine.java:1077) ~[thymeleaf-3.1.2.RELEASE.jar:3.1.2.RELEASE]
	at org.thymeleaf.spring6.view.ThymeleafView.renderFragment(ThymeleafView.java:372) ~[thymeleaf-spring6-3.1.2.RELEASE.jar:3.1.2.RELEASE]
	at org.thymeleaf.spring6.view.ThymeleafView.render(ThymeleafView.java:192) ~[thymeleaf-spring6-3.1.2.RELEASE.jar:3.1.2.RELEASE]
	at org.springframework.web.servlet.DispatcherServlet.render(DispatcherServlet.java:1431) ~[spring-webmvc-6.1.10.jar:6.1.10]
	at org.springframework.web.servlet.DispatcherServlet.processDispatchResult(DispatcherServlet.java:1167) ~[spring-webmvc-6.1.10.jar:6.1.10]
	at org.springframework.web.servlet.DispatcherServlet.doDispatch(DispatcherServlet.java:1106) ~[spring-webmvc-6.1.10.jar:6.1.10]
	at org.springframework.web.servlet.DispatcherServlet.doService(DispatcherServlet.java:979) ~[spring-webmvc-6.1.10.jar:6.1.10]
	at org.springframework.web.servlet.FrameworkServlet.processRequest(FrameworkServlet.java:1014) ~[spring-webmvc-6.1.10.jar:6.1.10]
	at org.springframework.web.servlet.FrameworkServlet.doGet(FrameworkServlet.java:903) ~[spring-webmvc-6.1.10.jar:6.1.10]
	at jakarta.servlet.http.HttpServlet.service(HttpServlet.java:564) ~[tomcat-embed-core-10.1.25.jar:6.0]
	at org.springframework.web.servlet.FrameworkServlet.service(FrameworkServlet.java:885) ~[spring-webmvc-6.1.10.jar:6.1.10]
	at jakarta.servlet.http.HttpServlet.service(HttpServlet.java:658) ~[tomcat-embed-core-10.1.25.jar:6.0]
	at org.apache.catalina.core.ApplicationFilterChain.internalDoFilter(ApplicationFilterChain.java:195) ~[tomcat-embed-core-10.1.25.jar:10.1.25]
	at org.apache.catalina.core.ApplicationFilterChain.doFilter(ApplicationFilterChain.java:140) ~[tomcat-embed-core-10.1.25.jar:10.1.25]
	at org.apache.tomcat.websocket.server.WsFilter.doFilter(WsFilter.java:51) ~[tomcat-embed-websocket-10.1.25.jar:10.1.25]
	at org.apache.catalina.core.ApplicationFilterChain.internalDoFilter(ApplicationFilterChain.java:164) ~[tomcat-embed-core-10.1.25.jar:10.1.25]
	at org.apache.catalina.core.ApplicationFilterChain.doFilter(ApplicationFilterChain.java:140) ~[tomcat-embed-core-10.1.25.jar:10.1.25]
	at org.springframework.web.filter.RequestContextFilter.doFilterInternal(RequestContextFilter.java:100) ~[spring-web-6.1.10.jar:6.1.10]
	at org.springframework.web.filter.OncePerRequestFilter.doFilter(OncePerRequestFilter.java:116) ~[spring-web-6.1.10.jar:6.1.10]
	at org.apache.catalina.core.ApplicationFilterChain.internalDoFilter(ApplicationFilterChain.java:164) ~[tomcat-embed-core-10.1.25.jar:10.1.25]
	at org.apache.catalina.core.ApplicationFilterChain.doFilter(ApplicationFilterChain.java:140) ~[tomcat-embed-core-10.1.25.jar:10.1.25]
	at org.springframework.web.filter.FormContentFilter.doFilterInternal(FormContentFilter.java:93) ~[spring-web-6.1.10.jar:6.1.10]
	at org.springframework.web.filter.OncePerRequestFilter.doFilter(OncePerRequestFilter.java:116) ~[spring-web-6.1.10.jar:6.1.10]
	at org.apache.catalina.core.ApplicationFilterChain.internalDoFilter(ApplicationFilterChain.java:164) ~[tomcat-embed-core-10.1.25.jar:10.1.25]
	at org.apache.catalina.core.ApplicationFilterChain.doFilter(ApplicationFilterChain.java:140) ~[tomcat-embed-core-10.1.25.jar:10.1.25]
	at org.springframework.web.filter.CharacterEncodingFilter.doFilterInternal(CharacterEncodingFilter.java:201) ~[spring-web-6.1.10.jar:6.1.10]
	at org.springframework.web.filter.OncePerRequestFilter.doFilter(OncePerRequestFilter.java:116) ~[spring-web-6.1.10.jar:6.1.10]
	at org.apache.catalina.core.ApplicationFilterChain.internalDoFilter(ApplicationFilterChain.java:164) ~[tomcat-embed-core-10.1.25.jar:10.1.25]
	at org.apache.catalina.core.ApplicationFilterChain.doFilter(ApplicationFilterChain.java:140) ~[tomcat-embed-core-10.1.25.jar:10.1.25]
	at org.apache.catalina.core.StandardWrapperValve.invoke(StandardWrapperValve.java:167) ~[tomcat-embed-core-10.1.25.jar:10.1.25]
	at org.apache.catalina.core.StandardContextValve.invoke(StandardContextValve.java:90) ~[tomcat-embed-core-10.1.25.jar:10.1.25]
	at org.apache.catalina.authenticator.AuthenticatorBase.invoke(AuthenticatorBase.java:482) ~[tomcat-embed-core-10.1.25.jar:10.1.25]
	at org.apache.catalina.core.StandardHostValve.invoke(StandardHostValve.java:115) ~[tomcat-embed-core-10.1.25.jar:10.1.25]
	at org.apache.catalina.valves.ErrorReportValve.invoke(ErrorReportValve.java:93) ~[tomcat-embed-core-10.1.25.jar:10.1.25]
	at org.apache.catalina.core.StandardEngineValve.invoke(StandardEngineValve.java:74) ~[tomcat-embed-core-10.1.25.jar:10.1.25]
	at org.apache.catalina.connector.CoyoteAdapter.service(CoyoteAdapter.java:344) ~[tomcat-embed-core-10.1.25.jar:10.1.25]
	at org.apache.coyote.http11.Http11Processor.service(Http11Processor.java:389) ~[tomcat-embed-core-10.1.25.jar:10.1.25]
	at org.apache.coyote.AbstractProcessorLight.process(AbstractProcessorLight.java:63) ~[tomcat-embed-core-10.1.25.jar:10.1.25]
	at org.apache.coyote.AbstractProtocol$ConnectionHandler.process(AbstractProtocol.java:904) ~[tomcat-embed-core-10.1.25.jar:10.1.25]
	at org.apache.tomcat.util.net.NioEndpoint$SocketProcessor.doRun(NioEndpoint.java:1741) ~[tomcat-embed-core-10.1.25.jar:10.1.25]
	at org.apache.tomcat.util.net.SocketProcessorBase.run(SocketProcessorBase.java:52) ~[tomcat-embed-core-10.1.25.jar:10.1.25]
	at org.apache.tomcat.util.threads.ThreadPoolExecutor.runWorker(ThreadPoolExecutor.java:1190) ~[tomcat-embed-core-10.1.25.jar:10.1.25]
	at org.apache.tomcat.util.threads.ThreadPoolExecutor$Worker.run(ThreadPoolExecutor.java:659) ~[tomcat-embed-core-10.1.25.jar:10.1.25]
	at org.apache.tomcat.util.threads.TaskThread$WrappingRunnable.run(TaskThread.java:63) ~[tomcat-embed-core-10.1.25.jar:10.1.25]
	at java.base/java.lang.Thread.run(Thread.java:1570) [?:?]
Caused by: org.attoparser.ParseException: (Line = 9, Column = 38) Malformed markup: Attribute "name" appears more than once in element
	at org.attoparser.MarkupEventProcessorHandler.handleAttribute(MarkupEventProcessorHandler.java:549) ~[attoparser-2.0.7.RELEASE.jar:2.0.7.RELEASE]
	at org.attoparser.ParsingAttributeSequenceUtil.parseAttributeSequence(ParsingAttributeSequenceUtil.java:300) ~[attoparser-2.0.7.RELEASE.jar:2.0.7.RELEASE]
	at org.attoparser.ParsingElementMarkupUtil.parseStandaloneElement(ParsingElementMarkupUtil.java:90) ~[attoparser-2.0.7.RELEASE.jar:2.0.7.RELEASE]
	at org.attoparser.MarkupParser.parseBuffer(MarkupParser.java:706) ~[attoparser-2.0.7.RELEASE.jar:2.0.7.RELEASE]
	at org.attoparser.MarkupParser.parseDocument(MarkupParser.java:301) ~[attoparser-2.0.7.RELEASE.jar:2.0.7.RELEASE]
	at org.attoparser.MarkupParser.parse(MarkupParser.java:257) ~[attoparser-2.0.7.RELEASE.jar:2.0.7.RELEASE]
	at org.thymeleaf.templateparser.markup.AbstractMarkupTemplateParser.parse(AbstractMarkupTemplateParser.java:230) ~[thymeleaf-3.1.2.RELEASE.jar:3.1.2.RELEASE]
	... 48 more
2024-07-16 09:32:15 ERROR [dispatcherServlet]:175 - Servlet.service() for servlet [dispatcherServlet] in context with path [] threw exception [Request processing failed: org.thymeleaf.exceptions.TemplateInputException: An error happened during template parsing (template: "class path resource [templates/2fa.html]" - line 9, col 38)] with root cause
org.attoparser.ParseException: (Line = 9, Column = 38) Malformed markup: Attribute "name" appears more than once in element
	at org.attoparser.MarkupEventProcessorHandler.handleAttribute(MarkupEventProcessorHandler.java:549) ~[attoparser-2.0.7.RELEASE.jar:2.0.7.RELEASE]
	at org.attoparser.ParsingAttributeSequenceUtil.parseAttributeSequence(ParsingAttributeSequenceUtil.java:300) ~[attoparser-2.0.7.RELEASE.jar:2.0.7.RELEASE]
	at org.attoparser.ParsingElementMarkupUtil.parseStandaloneElement(ParsingElementMarkupUtil.java:90) ~[attoparser-2.0.7.RELEASE.jar:2.0.7.RELEASE]
	at org.attoparser.MarkupParser.parseBuffer(MarkupParser.java:706) ~[attoparser-2.0.7.RELEASE.jar:2.0.7.RELEASE]
	at org.attoparser.MarkupParser.parseDocument(MarkupParser.java:301) ~[attoparser-2.0.7.RELEASE.jar:2.0.7.RELEASE]
	at org.attoparser.MarkupParser.parse(MarkupParser.java:257) ~[attoparser-2.0.7.RELEASE.jar:2.0.7.RELEASE]
	at org.thymeleaf.templateparser.markup.AbstractMarkupTemplateParser.parse(AbstractMarkupTemplateParser.java:230) ~[thymeleaf-3.1.2.RELEASE.jar:3.1.2.RELEASE]
	at org.thymeleaf.templateparser.markup.AbstractMarkupTemplateParser.parseStandalone(AbstractMarkupTemplateParser.java:100) ~[thymeleaf-3.1.2.RELEASE.jar:3.1.2.RELEASE]
	at org.thymeleaf.engine.TemplateManager.parseAndProcess(TemplateManager.java:666) ~[thymeleaf-3.1.2.RELEASE.jar:3.1.2.RELEASE]
	at org.thymeleaf.TemplateEngine.process(TemplateEngine.java:1103) ~[thymeleaf-3.1.2.RELEASE.jar:3.1.2.RELEASE]
	at org.thymeleaf.TemplateEngine.process(TemplateEngine.java:1077) ~[thymeleaf-3.1.2.RELEASE.jar:3.1.2.RELEASE]
	at org.thymeleaf.spring6.view.ThymeleafView.renderFragment(ThymeleafView.java:372) ~[thymeleaf-spring6-3.1.2.RELEASE.jar:3.1.2.RELEASE]
	at org.thymeleaf.spring6.view.ThymeleafView.render(ThymeleafView.java:192) ~[thymeleaf-spring6-3.1.2.RELEASE.jar:3.1.2.RELEASE]
	at org.springframework.web.servlet.DispatcherServlet.render(DispatcherServlet.java:1431) ~[spring-webmvc-6.1.10.jar:6.1.10]
	at org.springframework.web.servlet.DispatcherServlet.processDispatchResult(DispatcherServlet.java:1167) ~[spring-webmvc-6.1.10.jar:6.1.10]
	at org.springframework.web.servlet.DispatcherServlet.doDispatch(DispatcherServlet.java:1106) ~[spring-webmvc-6.1.10.jar:6.1.10]
	at org.springframework.web.servlet.DispatcherServlet.doService(DispatcherServlet.java:979) ~[spring-webmvc-6.1.10.jar:6.1.10]
	at org.springframework.web.servlet.FrameworkServlet.processRequest(FrameworkServlet.java:1014) ~[spring-webmvc-6.1.10.jar:6.1.10]
	at org.springframework.web.servlet.FrameworkServlet.doGet(FrameworkServlet.java:903) ~[spring-webmvc-6.1.10.jar:6.1.10]
	at jakarta.servlet.http.HttpServlet.service(HttpServlet.java:564) ~[tomcat-embed-core-10.1.25.jar:6.0]
	at org.springframework.web.servlet.FrameworkServlet.service(FrameworkServlet.java:885) ~[spring-webmvc-6.1.10.jar:6.1.10]
	at jakarta.servlet.http.HttpServlet.service(HttpServlet.java:658) ~[tomcat-embed-core-10.1.25.jar:6.0]
	at org.apache.catalina.core.ApplicationFilterChain.internalDoFilter(ApplicationFilterChain.java:195) ~[tomcat-embed-core-10.1.25.jar:10.1.25]
	at org.apache.catalina.core.ApplicationFilterChain.doFilter(ApplicationFilterChain.java:140) ~[tomcat-embed-core-10.1.25.jar:10.1.25]
	at org.apache.tomcat.websocket.server.WsFilter.doFilter(WsFilter.java:51) ~[tomcat-embed-websocket-10.1.25.jar:10.1.25]
	at org.apache.catalina.core.ApplicationFilterChain.internalDoFilter(ApplicationFilterChain.java:164) ~[tomcat-embed-core-10.1.25.jar:10.1.25]
	at org.apache.catalina.core.ApplicationFilterChain.doFilter(ApplicationFilterChain.java:140) ~[tomcat-embed-core-10.1.25.jar:10.1.25]
	at org.springframework.web.filter.RequestContextFilter.doFilterInternal(RequestContextFilter.java:100) ~[spring-web-6.1.10.jar:6.1.10]
	at org.springframework.web.filter.OncePerRequestFilter.doFilter(OncePerRequestFilter.java:116) ~[spring-web-6.1.10.jar:6.1.10]
	at org.apache.catalina.core.ApplicationFilterChain.internalDoFilter(ApplicationFilterChain.java:164) ~[tomcat-embed-core-10.1.25.jar:10.1.25]
	at org.apache.catalina.core.ApplicationFilterChain.doFilter(ApplicationFilterChain.java:140) ~[tomcat-embed-core-10.1.25.jar:10.1.25]
	at org.springframework.web.filter.FormContentFilter.doFilterInternal(FormContentFilter.java:93) ~[spring-web-6.1.10.jar:6.1.10]
	at org.springframework.web.filter.OncePerRequestFilter.doFilter(OncePerRequestFilter.java:116) ~[spring-web-6.1.10.jar:6.1.10]
	at org.apache.catalina.core.ApplicationFilterChain.internalDoFilter(ApplicationFilterChain.java:164) ~[tomcat-embed-core-10.1.25.jar:10.1.25]
	at org.apache.catalina.core.ApplicationFilterChain.doFilter(ApplicationFilterChain.java:140) ~[tomcat-embed-core-10.1.25.jar:10.1.25]
	at org.springframework.web.filter.CharacterEncodingFilter.doFilterInternal(CharacterEncodingFilter.java:201) ~[spring-web-6.1.10.jar:6.1.10]
	at org.springframework.web.filter.OncePerRequestFilter.doFilter(OncePerRequestFilter.java:116) ~[spring-web-6.1.10.jar:6.1.10]
	at org.apache.catalina.core.ApplicationFilterChain.internalDoFilter(ApplicationFilterChain.java:164) ~[tomcat-embed-core-10.1.25.jar:10.1.25]
	at org.apache.catalina.core.ApplicationFilterChain.doFilter(ApplicationFilterChain.java:140) ~[tomcat-embed-core-10.1.25.jar:10.1.25]
	at org.apache.catalina.core.StandardWrapperValve.invoke(StandardWrapperValve.java:167) ~[tomcat-embed-core-10.1.25.jar:10.1.25]
	at org.apache.catalina.core.StandardContextValve.invoke(StandardContextValve.java:90) ~[tomcat-embed-core-10.1.25.jar:10.1.25]
	at org.apache.catalina.authenticator.AuthenticatorBase.invoke(AuthenticatorBase.java:482) ~[tomcat-embed-core-10.1.25.jar:10.1.25]
	at org.apache.catalina.core.StandardHostValve.invoke(StandardHostValve.java:115) ~[tomcat-embed-core-10.1.25.jar:10.1.25]
	at org.apache.catalina.valves.ErrorReportValve.invoke(ErrorReportValve.java:93) ~[tomcat-embed-core-10.1.25.jar:10.1.25]
	at org.apache.catalina.core.StandardEngineValve.invoke(StandardEngineValve.java:74) ~[tomcat-embed-core-10.1.25.jar:10.1.25]
	at org.apache.catalina.connector.CoyoteAdapter.service(CoyoteAdapter.java:344) ~[tomcat-embed-core-10.1.25.jar:10.1.25]
	at org.apache.coyote.http11.Http11Processor.service(Http11Processor.java:389) ~[tomcat-embed-core-10.1.25.jar:10.1.25]
	at org.apache.coyote.AbstractProcessorLight.process(AbstractProcessorLight.java:63) ~[tomcat-embed-core-10.1.25.jar:10.1.25]
	at org.apache.coyote.AbstractProtocol$ConnectionHandler.process(AbstractProtocol.java:904) ~[tomcat-embed-core-10.1.25.jar:10.1.25]
	at org.apache.tomcat.util.net.NioEndpoint$SocketProcessor.doRun(NioEndpoint.java:1741) ~[tomcat-embed-core-10.1.25.jar:10.1.25]
	at org.apache.tomcat.util.net.SocketProcessorBase.run(SocketProcessorBase.java:52) ~[tomcat-embed-core-10.1.25.jar:10.1.25]
	at org.apache.tomcat.util.threads.ThreadPoolExecutor.runWorker(ThreadPoolExecutor.java:1190) ~[tomcat-embed-core-10.1.25.jar:10.1.25]
	at org.apache.tomcat.util.threads.ThreadPoolExecutor$Worker.run(ThreadPoolExecutor.java:659) ~[tomcat-embed-core-10.1.25.jar:10.1.25]
	at org.apache.tomcat.util.threads.TaskThread$WrappingRunnable.run(TaskThread.java:63) ~[tomcat-embed-core-10.1.25.jar:10.1.25]
	at java.base/java.lang.Thread.run(Thread.java:1570) [?:?]
2024-07-16 09:32:28 INFO  CatGameWesbiteApplication:50 - Starting CatGameWesbiteApplication using Java 22.0.1 with PID 3364 (C:\Users\HP\OneDrive\Área de Trabalho\CatGameWesbite\CatGameWesbite\target\classes started by HP in C:\Users\HP\OneDrive\Área de Trabalho\CatGameWesbite\CatGameWesbite)
2024-07-16 09:32:28 INFO  CatGameWesbiteApplication:654 - No active profile set, falling back to 1 default profile: "default"
2024-07-16 09:32:29 INFO  DevToolsPropertyDefaultsPostProcessor:252 - Devtools property defaults active! Set 'spring.devtools.add-properties' to 'false' to disable
2024-07-16 09:32:29 INFO  DevToolsPropertyDefaultsPostProcessor:252 - For additional web related logging consider setting the 'logging.level.web' property to 'DEBUG'
2024-07-16 09:32:30 INFO  TomcatWebServer:111 - Tomcat initialized with port 8081 (http)
2024-07-16 09:32:31 INFO  Http11NioProtocol:173 - Initializing ProtocolHandler ["http-nio-8081"]
2024-07-16 09:32:31 INFO  StandardService:173 - Starting service [Tomcat]
2024-07-16 09:32:31 INFO  StandardEngine:173 - Starting Servlet engine: [Apache Tomcat/10.1.25]
2024-07-16 09:32:31 INFO  [/]:173 - Initializing Spring embedded WebApplicationContext
2024-07-16 09:32:31 INFO  ServletWebServerApplicationContext:296 - Root WebApplicationContext: initialization completed in 2074 ms
2024-07-16 09:32:31 INFO  Database:38 - The driver name is SQLite JDBC
2024-07-16 09:32:31 INFO  Database:39 - Connection created with database.
2024-07-16 09:32:31 INFO  WelcomePageHandlerMapping:59 - Adding welcome page template: index
2024-07-16 09:32:31 INFO  OptionalLiveReloadServer:59 - LiveReload server is running on port 35729
2024-07-16 09:32:31 INFO  Http11NioProtocol:173 - Starting ProtocolHandler ["http-nio-8081"]
2024-07-16 09:32:32 INFO  TomcatWebServer:243 - Tomcat started on port 8081 (http) with context path '/'
2024-07-16 09:32:32 INFO  CatGameWesbiteApplication:56 - Started CatGameWesbiteApplication in 4.105 seconds (process running for 5.442)
2024-07-16 09:32:32 INFO  [/]:173 - Initializing Spring DispatcherServlet 'dispatcherServlet'
2024-07-16 09:32:32 INFO  DispatcherServlet:532 - Initializing Servlet 'dispatcherServlet'
2024-07-16 09:32:32 INFO  DispatcherServlet:554 - Completed initialization in 2 ms
2024-07-16 09:32:38 INFO  Database:38 - The driver name is SQLite JDBC
2024-07-16 09:32:38 INFO  Database:39 - Connection created with database.
2024-07-16 09:32:38 INFO  Database:101 - User found.
2024-07-16 09:32:38 INFO  Database:118 - PASSWORD MATCH
2024-07-16 09:32:38 INFO  LoginController:26 - User found and password match.
2024-07-16 09:32:38 ERROR TemplateEngine:1141 - [THYMELEAF][http-nio-8081-exec-9] Exception processing template "2fa": An error happened during template parsing (template: "class path resource [templates/2fa.html]" - line 9, col 38)
org.thymeleaf.exceptions.TemplateInputException: An error happened during template parsing (template: "class path resource [templates/2fa.html]" - line 9, col 38)
	at org.thymeleaf.templateparser.markup.AbstractMarkupTemplateParser.parse(AbstractMarkupTemplateParser.java:239) ~[thymeleaf-3.1.2.RELEASE.jar:3.1.2.RELEASE]
	at org.thymeleaf.templateparser.markup.AbstractMarkupTemplateParser.parseStandalone(AbstractMarkupTemplateParser.java:100) ~[thymeleaf-3.1.2.RELEASE.jar:3.1.2.RELEASE]
	at org.thymeleaf.engine.TemplateManager.parseAndProcess(TemplateManager.java:666) ~[thymeleaf-3.1.2.RELEASE.jar:3.1.2.RELEASE]
	at org.thymeleaf.TemplateEngine.process(TemplateEngine.java:1103) ~[thymeleaf-3.1.2.RELEASE.jar:3.1.2.RELEASE]
	at org.thymeleaf.TemplateEngine.process(TemplateEngine.java:1077) ~[thymeleaf-3.1.2.RELEASE.jar:3.1.2.RELEASE]
	at org.thymeleaf.spring6.view.ThymeleafView.renderFragment(ThymeleafView.java:372) ~[thymeleaf-spring6-3.1.2.RELEASE.jar:3.1.2.RELEASE]
	at org.thymeleaf.spring6.view.ThymeleafView.render(ThymeleafView.java:192) ~[thymeleaf-spring6-3.1.2.RELEASE.jar:3.1.2.RELEASE]
	at org.springframework.web.servlet.DispatcherServlet.render(DispatcherServlet.java:1431) ~[spring-webmvc-6.1.10.jar:6.1.10]
	at org.springframework.web.servlet.DispatcherServlet.processDispatchResult(DispatcherServlet.java:1167) ~[spring-webmvc-6.1.10.jar:6.1.10]
	at org.springframework.web.servlet.DispatcherServlet.doDispatch(DispatcherServlet.java:1106) ~[spring-webmvc-6.1.10.jar:6.1.10]
	at org.springframework.web.servlet.DispatcherServlet.doService(DispatcherServlet.java:979) ~[spring-webmvc-6.1.10.jar:6.1.10]
	at org.springframework.web.servlet.FrameworkServlet.processRequest(FrameworkServlet.java:1014) ~[spring-webmvc-6.1.10.jar:6.1.10]
	at org.springframework.web.servlet.FrameworkServlet.doGet(FrameworkServlet.java:903) ~[spring-webmvc-6.1.10.jar:6.1.10]
	at jakarta.servlet.http.HttpServlet.service(HttpServlet.java:564) ~[tomcat-embed-core-10.1.25.jar:6.0]
	at org.springframework.web.servlet.FrameworkServlet.service(FrameworkServlet.java:885) ~[spring-webmvc-6.1.10.jar:6.1.10]
	at jakarta.servlet.http.HttpServlet.service(HttpServlet.java:658) ~[tomcat-embed-core-10.1.25.jar:6.0]
	at org.apache.catalina.core.ApplicationFilterChain.internalDoFilter(ApplicationFilterChain.java:195) ~[tomcat-embed-core-10.1.25.jar:10.1.25]
	at org.apache.catalina.core.ApplicationFilterChain.doFilter(ApplicationFilterChain.java:140) ~[tomcat-embed-core-10.1.25.jar:10.1.25]
	at org.apache.tomcat.websocket.server.WsFilter.doFilter(WsFilter.java:51) ~[tomcat-embed-websocket-10.1.25.jar:10.1.25]
	at org.apache.catalina.core.ApplicationFilterChain.internalDoFilter(ApplicationFilterChain.java:164) ~[tomcat-embed-core-10.1.25.jar:10.1.25]
	at org.apache.catalina.core.ApplicationFilterChain.doFilter(ApplicationFilterChain.java:140) ~[tomcat-embed-core-10.1.25.jar:10.1.25]
	at org.springframework.web.filter.RequestContextFilter.doFilterInternal(RequestContextFilter.java:100) ~[spring-web-6.1.10.jar:6.1.10]
	at org.springframework.web.filter.OncePerRequestFilter.doFilter(OncePerRequestFilter.java:116) ~[spring-web-6.1.10.jar:6.1.10]
	at org.apache.catalina.core.ApplicationFilterChain.internalDoFilter(ApplicationFilterChain.java:164) ~[tomcat-embed-core-10.1.25.jar:10.1.25]
	at org.apache.catalina.core.ApplicationFilterChain.doFilter(ApplicationFilterChain.java:140) ~[tomcat-embed-core-10.1.25.jar:10.1.25]
	at org.springframework.web.filter.FormContentFilter.doFilterInternal(FormContentFilter.java:93) ~[spring-web-6.1.10.jar:6.1.10]
	at org.springframework.web.filter.OncePerRequestFilter.doFilter(OncePerRequestFilter.java:116) ~[spring-web-6.1.10.jar:6.1.10]
	at org.apache.catalina.core.ApplicationFilterChain.internalDoFilter(ApplicationFilterChain.java:164) ~[tomcat-embed-core-10.1.25.jar:10.1.25]
	at org.apache.catalina.core.ApplicationFilterChain.doFilter(ApplicationFilterChain.java:140) ~[tomcat-embed-core-10.1.25.jar:10.1.25]
	at org.springframework.web.filter.CharacterEncodingFilter.doFilterInternal(CharacterEncodingFilter.java:201) ~[spring-web-6.1.10.jar:6.1.10]
	at org.springframework.web.filter.OncePerRequestFilter.doFilter(OncePerRequestFilter.java:116) ~[spring-web-6.1.10.jar:6.1.10]
	at org.apache.catalina.core.ApplicationFilterChain.internalDoFilter(ApplicationFilterChain.java:164) ~[tomcat-embed-core-10.1.25.jar:10.1.25]
	at org.apache.catalina.core.ApplicationFilterChain.doFilter(ApplicationFilterChain.java:140) ~[tomcat-embed-core-10.1.25.jar:10.1.25]
	at org.apache.catalina.core.StandardWrapperValve.invoke(StandardWrapperValve.java:167) ~[tomcat-embed-core-10.1.25.jar:10.1.25]
	at org.apache.catalina.core.StandardContextValve.invoke(StandardContextValve.java:90) ~[tomcat-embed-core-10.1.25.jar:10.1.25]
	at org.apache.catalina.authenticator.AuthenticatorBase.invoke(AuthenticatorBase.java:482) ~[tomcat-embed-core-10.1.25.jar:10.1.25]
	at org.apache.catalina.core.StandardHostValve.invoke(StandardHostValve.java:115) ~[tomcat-embed-core-10.1.25.jar:10.1.25]
	at org.apache.catalina.valves.ErrorReportValve.invoke(ErrorReportValve.java:93) ~[tomcat-embed-core-10.1.25.jar:10.1.25]
	at org.apache.catalina.core.StandardEngineValve.invoke(StandardEngineValve.java:74) ~[tomcat-embed-core-10.1.25.jar:10.1.25]
	at org.apache.catalina.connector.CoyoteAdapter.service(CoyoteAdapter.java:344) ~[tomcat-embed-core-10.1.25.jar:10.1.25]
	at org.apache.coyote.http11.Http11Processor.service(Http11Processor.java:389) ~[tomcat-embed-core-10.1.25.jar:10.1.25]
	at org.apache.coyote.AbstractProcessorLight.process(AbstractProcessorLight.java:63) ~[tomcat-embed-core-10.1.25.jar:10.1.25]
	at org.apache.coyote.AbstractProtocol$ConnectionHandler.process(AbstractProtocol.java:904) ~[tomcat-embed-core-10.1.25.jar:10.1.25]
	at org.apache.tomcat.util.net.NioEndpoint$SocketProcessor.doRun(NioEndpoint.java:1741) ~[tomcat-embed-core-10.1.25.jar:10.1.25]
	at org.apache.tomcat.util.net.SocketProcessorBase.run(SocketProcessorBase.java:52) ~[tomcat-embed-core-10.1.25.jar:10.1.25]
	at org.apache.tomcat.util.threads.ThreadPoolExecutor.runWorker(ThreadPoolExecutor.java:1190) ~[tomcat-embed-core-10.1.25.jar:10.1.25]
	at org.apache.tomcat.util.threads.ThreadPoolExecutor$Worker.run(ThreadPoolExecutor.java:659) ~[tomcat-embed-core-10.1.25.jar:10.1.25]
	at org.apache.tomcat.util.threads.TaskThread$WrappingRunnable.run(TaskThread.java:63) ~[tomcat-embed-core-10.1.25.jar:10.1.25]
	at java.base/java.lang.Thread.run(Thread.java:1570) [?:?]
Caused by: org.attoparser.ParseException: (Line = 9, Column = 38) Malformed markup: Attribute "name" appears more than once in element
	at org.attoparser.MarkupEventProcessorHandler.handleAttribute(MarkupEventProcessorHandler.java:549) ~[attoparser-2.0.7.RELEASE.jar:2.0.7.RELEASE]
	at org.attoparser.ParsingAttributeSequenceUtil.parseAttributeSequence(ParsingAttributeSequenceUtil.java:300) ~[attoparser-2.0.7.RELEASE.jar:2.0.7.RELEASE]
	at org.attoparser.ParsingElementMarkupUtil.parseStandaloneElement(ParsingElementMarkupUtil.java:90) ~[attoparser-2.0.7.RELEASE.jar:2.0.7.RELEASE]
	at org.attoparser.MarkupParser.parseBuffer(MarkupParser.java:706) ~[attoparser-2.0.7.RELEASE.jar:2.0.7.RELEASE]
	at org.attoparser.MarkupParser.parseDocument(MarkupParser.java:301) ~[attoparser-2.0.7.RELEASE.jar:2.0.7.RELEASE]
	at org.attoparser.MarkupParser.parse(MarkupParser.java:257) ~[attoparser-2.0.7.RELEASE.jar:2.0.7.RELEASE]
	at org.thymeleaf.templateparser.markup.AbstractMarkupTemplateParser.parse(AbstractMarkupTemplateParser.java:230) ~[thymeleaf-3.1.2.RELEASE.jar:3.1.2.RELEASE]
	... 48 more
2024-07-16 09:32:38 ERROR [dispatcherServlet]:175 - Servlet.service() for servlet [dispatcherServlet] in context with path [] threw exception [Request processing failed: org.thymeleaf.exceptions.TemplateInputException: An error happened during template parsing (template: "class path resource [templates/2fa.html]" - line 9, col 38)] with root cause
org.attoparser.ParseException: (Line = 9, Column = 38) Malformed markup: Attribute "name" appears more than once in element
	at org.attoparser.MarkupEventProcessorHandler.handleAttribute(MarkupEventProcessorHandler.java:549) ~[attoparser-2.0.7.RELEASE.jar:2.0.7.RELEASE]
	at org.attoparser.ParsingAttributeSequenceUtil.parseAttributeSequence(ParsingAttributeSequenceUtil.java:300) ~[attoparser-2.0.7.RELEASE.jar:2.0.7.RELEASE]
	at org.attoparser.ParsingElementMarkupUtil.parseStandaloneElement(ParsingElementMarkupUtil.java:90) ~[attoparser-2.0.7.RELEASE.jar:2.0.7.RELEASE]
	at org.attoparser.MarkupParser.parseBuffer(MarkupParser.java:706) ~[attoparser-2.0.7.RELEASE.jar:2.0.7.RELEASE]
	at org.attoparser.MarkupParser.parseDocument(MarkupParser.java:301) ~[attoparser-2.0.7.RELEASE.jar:2.0.7.RELEASE]
	at org.attoparser.MarkupParser.parse(MarkupParser.java:257) ~[attoparser-2.0.7.RELEASE.jar:2.0.7.RELEASE]
	at org.thymeleaf.templateparser.markup.AbstractMarkupTemplateParser.parse(AbstractMarkupTemplateParser.java:230) ~[thymeleaf-3.1.2.RELEASE.jar:3.1.2.RELEASE]
	at org.thymeleaf.templateparser.markup.AbstractMarkupTemplateParser.parseStandalone(AbstractMarkupTemplateParser.java:100) ~[thymeleaf-3.1.2.RELEASE.jar:3.1.2.RELEASE]
	at org.thymeleaf.engine.TemplateManager.parseAndProcess(TemplateManager.java:666) ~[thymeleaf-3.1.2.RELEASE.jar:3.1.2.RELEASE]
	at org.thymeleaf.TemplateEngine.process(TemplateEngine.java:1103) ~[thymeleaf-3.1.2.RELEASE.jar:3.1.2.RELEASE]
	at org.thymeleaf.TemplateEngine.process(TemplateEngine.java:1077) ~[thymeleaf-3.1.2.RELEASE.jar:3.1.2.RELEASE]
	at org.thymeleaf.spring6.view.ThymeleafView.renderFragment(ThymeleafView.java:372) ~[thymeleaf-spring6-3.1.2.RELEASE.jar:3.1.2.RELEASE]
	at org.thymeleaf.spring6.view.ThymeleafView.render(ThymeleafView.java:192) ~[thymeleaf-spring6-3.1.2.RELEASE.jar:3.1.2.RELEASE]
	at org.springframework.web.servlet.DispatcherServlet.render(DispatcherServlet.java:1431) ~[spring-webmvc-6.1.10.jar:6.1.10]
	at org.springframework.web.servlet.DispatcherServlet.processDispatchResult(DispatcherServlet.java:1167) ~[spring-webmvc-6.1.10.jar:6.1.10]
	at org.springframework.web.servlet.DispatcherServlet.doDispatch(DispatcherServlet.java:1106) ~[spring-webmvc-6.1.10.jar:6.1.10]
	at org.springframework.web.servlet.DispatcherServlet.doService(DispatcherServlet.java:979) ~[spring-webmvc-6.1.10.jar:6.1.10]
	at org.springframework.web.servlet.FrameworkServlet.processRequest(FrameworkServlet.java:1014) ~[spring-webmvc-6.1.10.jar:6.1.10]
	at org.springframework.web.servlet.FrameworkServlet.doGet(FrameworkServlet.java:903) ~[spring-webmvc-6.1.10.jar:6.1.10]
	at jakarta.servlet.http.HttpServlet.service(HttpServlet.java:564) ~[tomcat-embed-core-10.1.25.jar:6.0]
	at org.springframework.web.servlet.FrameworkServlet.service(FrameworkServlet.java:885) ~[spring-webmvc-6.1.10.jar:6.1.10]
	at jakarta.servlet.http.HttpServlet.service(HttpServlet.java:658) ~[tomcat-embed-core-10.1.25.jar:6.0]
	at org.apache.catalina.core.ApplicationFilterChain.internalDoFilter(ApplicationFilterChain.java:195) ~[tomcat-embed-core-10.1.25.jar:10.1.25]
	at org.apache.catalina.core.ApplicationFilterChain.doFilter(ApplicationFilterChain.java:140) ~[tomcat-embed-core-10.1.25.jar:10.1.25]
	at org.apache.tomcat.websocket.server.WsFilter.doFilter(WsFilter.java:51) ~[tomcat-embed-websocket-10.1.25.jar:10.1.25]
	at org.apache.catalina.core.ApplicationFilterChain.internalDoFilter(ApplicationFilterChain.java:164) ~[tomcat-embed-core-10.1.25.jar:10.1.25]
	at org.apache.catalina.core.ApplicationFilterChain.doFilter(ApplicationFilterChain.java:140) ~[tomcat-embed-core-10.1.25.jar:10.1.25]
	at org.springframework.web.filter.RequestContextFilter.doFilterInternal(RequestContextFilter.java:100) ~[spring-web-6.1.10.jar:6.1.10]
	at org.springframework.web.filter.OncePerRequestFilter.doFilter(OncePerRequestFilter.java:116) ~[spring-web-6.1.10.jar:6.1.10]
	at org.apache.catalina.core.ApplicationFilterChain.internalDoFilter(ApplicationFilterChain.java:164) ~[tomcat-embed-core-10.1.25.jar:10.1.25]
	at org.apache.catalina.core.ApplicationFilterChain.doFilter(ApplicationFilterChain.java:140) ~[tomcat-embed-core-10.1.25.jar:10.1.25]
	at org.springframework.web.filter.FormContentFilter.doFilterInternal(FormContentFilter.java:93) ~[spring-web-6.1.10.jar:6.1.10]
	at org.springframework.web.filter.OncePerRequestFilter.doFilter(OncePerRequestFilter.java:116) ~[spring-web-6.1.10.jar:6.1.10]
	at org.apache.catalina.core.ApplicationFilterChain.internalDoFilter(ApplicationFilterChain.java:164) ~[tomcat-embed-core-10.1.25.jar:10.1.25]
	at org.apache.catalina.core.ApplicationFilterChain.doFilter(ApplicationFilterChain.java:140) ~[tomcat-embed-core-10.1.25.jar:10.1.25]
	at org.springframework.web.filter.CharacterEncodingFilter.doFilterInternal(CharacterEncodingFilter.java:201) ~[spring-web-6.1.10.jar:6.1.10]
	at org.springframework.web.filter.OncePerRequestFilter.doFilter(OncePerRequestFilter.java:116) ~[spring-web-6.1.10.jar:6.1.10]
	at org.apache.catalina.core.ApplicationFilterChain.internalDoFilter(ApplicationFilterChain.java:164) ~[tomcat-embed-core-10.1.25.jar:10.1.25]
	at org.apache.catalina.core.ApplicationFilterChain.doFilter(ApplicationFilterChain.java:140) ~[tomcat-embed-core-10.1.25.jar:10.1.25]
	at org.apache.catalina.core.StandardWrapperValve.invoke(StandardWrapperValve.java:167) ~[tomcat-embed-core-10.1.25.jar:10.1.25]
	at org.apache.catalina.core.StandardContextValve.invoke(StandardContextValve.java:90) ~[tomcat-embed-core-10.1.25.jar:10.1.25]
	at org.apache.catalina.authenticator.AuthenticatorBase.invoke(AuthenticatorBase.java:482) ~[tomcat-embed-core-10.1.25.jar:10.1.25]
	at org.apache.catalina.core.StandardHostValve.invoke(StandardHostValve.java:115) ~[tomcat-embed-core-10.1.25.jar:10.1.25]
	at org.apache.catalina.valves.ErrorReportValve.invoke(ErrorReportValve.java:93) ~[tomcat-embed-core-10.1.25.jar:10.1.25]
	at org.apache.catalina.core.StandardEngineValve.invoke(StandardEngineValve.java:74) ~[tomcat-embed-core-10.1.25.jar:10.1.25]
	at org.apache.catalina.connector.CoyoteAdapter.service(CoyoteAdapter.java:344) ~[tomcat-embed-core-10.1.25.jar:10.1.25]
	at org.apache.coyote.http11.Http11Processor.service(Http11Processor.java:389) ~[tomcat-embed-core-10.1.25.jar:10.1.25]
	at org.apache.coyote.AbstractProcessorLight.process(AbstractProcessorLight.java:63) ~[tomcat-embed-core-10.1.25.jar:10.1.25]
	at org.apache.coyote.AbstractProtocol$ConnectionHandler.process(AbstractProtocol.java:904) ~[tomcat-embed-core-10.1.25.jar:10.1.25]
	at org.apache.tomcat.util.net.NioEndpoint$SocketProcessor.doRun(NioEndpoint.java:1741) ~[tomcat-embed-core-10.1.25.jar:10.1.25]
	at org.apache.tomcat.util.net.SocketProcessorBase.run(SocketProcessorBase.java:52) ~[tomcat-embed-core-10.1.25.jar:10.1.25]
	at org.apache.tomcat.util.threads.ThreadPoolExecutor.runWorker(ThreadPoolExecutor.java:1190) ~[tomcat-embed-core-10.1.25.jar:10.1.25]
	at org.apache.tomcat.util.threads.ThreadPoolExecutor$Worker.run(ThreadPoolExecutor.java:659) ~[tomcat-embed-core-10.1.25.jar:10.1.25]
	at org.apache.tomcat.util.threads.TaskThread$WrappingRunnable.run(TaskThread.java:63) ~[tomcat-embed-core-10.1.25.jar:10.1.25]
	at java.base/java.lang.Thread.run(Thread.java:1570) [?:?]
2024-07-16 09:33:15 INFO  LocalDevToolsAutoConfiguration$RestartingClassPathChangeChangedEventListener:211 - Restarting due to 1 class path change (0 additions, 0 deletions, 1 modification)
2024-07-16 09:33:15 INFO  Http11NioProtocol:173 - Stopping ProtocolHandler ["http-nio-8081"]
2024-07-16 09:33:15 INFO  CatGameWesbiteApplication:50 - Starting CatGameWesbiteApplication using Java 22.0.1 with PID 3364 (C:\Users\HP\OneDrive\Área de Trabalho\CatGameWesbite\CatGameWesbite\target\classes started by HP in C:\Users\HP\OneDrive\Área de Trabalho\CatGameWesbite\CatGameWesbite)
2024-07-16 09:33:15 INFO  CatGameWesbiteApplication:654 - No active profile set, falling back to 1 default profile: "default"
2024-07-16 09:33:15 INFO  TomcatWebServer:111 - Tomcat initialized with port 8081 (http)
2024-07-16 09:33:15 INFO  Http11NioProtocol:173 - Initializing ProtocolHandler ["http-nio-8081"]
2024-07-16 09:33:15 INFO  StandardService:173 - Starting service [Tomcat]
2024-07-16 09:33:16 INFO  StandardEngine:173 - Starting Servlet engine: [Apache Tomcat/10.1.25]
2024-07-16 09:33:16 INFO  [/]:173 - Initializing Spring embedded WebApplicationContext
2024-07-16 09:33:16 INFO  ServletWebServerApplicationContext:296 - Root WebApplicationContext: initialization completed in 492 ms
2024-07-16 09:33:16 INFO  Database:38 - The driver name is SQLite JDBC
2024-07-16 09:33:16 INFO  Database:39 - Connection created with database.
2024-07-16 09:33:16 INFO  WelcomePageHandlerMapping:59 - Adding welcome page template: index
2024-07-16 09:33:16 INFO  OptionalLiveReloadServer:59 - LiveReload server is running on port 35729
2024-07-16 09:33:16 INFO  Http11NioProtocol:173 - Starting ProtocolHandler ["http-nio-8081"]
2024-07-16 09:33:16 INFO  TomcatWebServer:243 - Tomcat started on port 8081 (http) with context path '/'
2024-07-16 09:33:16 INFO  CatGameWesbiteApplication:56 - Started CatGameWesbiteApplication in 0.883 seconds (process running for 49.658)
2024-07-16 09:33:16 INFO  ConditionEvaluationDeltaLoggingListener:63 - Condition evaluation unchanged
2024-07-16 09:33:33 INFO  [/]:173 - Initializing Spring DispatcherServlet 'dispatcherServlet'
2024-07-16 09:33:33 INFO  DispatcherServlet:532 - Initializing Servlet 'dispatcherServlet'
2024-07-16 09:33:33 INFO  DispatcherServlet:554 - Completed initialization in 0 ms
2024-07-16 09:33:39 INFO  Database:38 - The driver name is SQLite JDBC
2024-07-16 09:33:39 INFO  Database:39 - Connection created with database.
2024-07-16 09:33:39 INFO  Database:101 - User found.
2024-07-16 09:33:39 WARN  Database:121 - WRONG PASSWORD
2024-07-16 09:33:39 WARN  LoginController:31 - Invalid credentials
2024-07-16 09:33:44 INFO  Database:38 - The driver name is SQLite JDBC
2024-07-16 09:33:44 INFO  Database:39 - Connection created with database.
2024-07-16 09:33:44 INFO  Database:101 - User found.
2024-07-16 09:33:44 INFO  Database:118 - PASSWORD MATCH
2024-07-16 09:33:44 INFO  LoginController:26 - User found and password match.
2024-07-16 09:34:17 INFO  LocalDevToolsAutoConfiguration$RestartingClassPathChangeChangedEventListener:211 - Restarting due to 1 class path change (0 additions, 0 deletions, 1 modification)
2024-07-16 09:34:17 INFO  Http11NioProtocol:173 - Stopping ProtocolHandler ["http-nio-8081"]
2024-07-16 09:34:18 INFO  CatGameWesbiteApplication:50 - Starting CatGameWesbiteApplication using Java 22.0.1 with PID 3364 (C:\Users\HP\OneDrive\Área de Trabalho\CatGameWesbite\CatGameWesbite\target\classes started by HP in C:\Users\HP\OneDrive\Área de Trabalho\CatGameWesbite\CatGameWesbite)
2024-07-16 09:34:18 INFO  CatGameWesbiteApplication:654 - No active profile set, falling back to 1 default profile: "default"
2024-07-16 09:34:18 INFO  TomcatWebServer:111 - Tomcat initialized with port 8081 (http)
2024-07-16 09:34:18 INFO  Http11NioProtocol:173 - Initializing ProtocolHandler ["http-nio-8081"]
2024-07-16 09:34:18 INFO  StandardService:173 - Starting service [Tomcat]
2024-07-16 09:34:18 INFO  StandardEngine:173 - Starting Servlet engine: [Apache Tomcat/10.1.25]
2024-07-16 09:34:18 INFO  [/]:173 - Initializing Spring embedded WebApplicationContext
2024-07-16 09:34:18 INFO  ServletWebServerApplicationContext:296 - Root WebApplicationContext: initialization completed in 484 ms
2024-07-16 09:34:18 INFO  Database:38 - The driver name is SQLite JDBC
2024-07-16 09:34:18 INFO  Database:39 - Connection created with database.
2024-07-16 09:34:18 INFO  WelcomePageHandlerMapping:59 - Adding welcome page template: index
2024-07-16 09:34:18 INFO  OptionalLiveReloadServer:59 - LiveReload server is running on port 35729
2024-07-16 09:34:18 INFO  Http11NioProtocol:173 - Starting ProtocolHandler ["http-nio-8081"]
2024-07-16 09:34:18 INFO  TomcatWebServer:243 - Tomcat started on port 8081 (http) with context path '/'
2024-07-16 09:34:18 INFO  CatGameWesbiteApplication:56 - Started CatGameWesbiteApplication in 0.8 seconds (process running for 112.131)
2024-07-16 09:34:18 INFO  ConditionEvaluationDeltaLoggingListener:63 - Condition evaluation unchanged
2024-07-16 09:34:21 INFO  LocalDevToolsAutoConfiguration$RestartingClassPathChangeChangedEventListener:211 - Restarting due to 1 class path change (0 additions, 0 deletions, 1 modification)
2024-07-16 09:34:21 INFO  Http11NioProtocol:173 - Stopping ProtocolHandler ["http-nio-8081"]
2024-07-16 09:34:21 INFO  CatGameWesbiteApplication:50 - Starting CatGameWesbiteApplication using Java 22.0.1 with PID 3364 (C:\Users\HP\OneDrive\Área de Trabalho\CatGameWesbite\CatGameWesbite\target\classes started by HP in C:\Users\HP\OneDrive\Área de Trabalho\CatGameWesbite\CatGameWesbite)
2024-07-16 09:34:21 INFO  CatGameWesbiteApplication:654 - No active profile set, falling back to 1 default profile: "default"
2024-07-16 09:34:21 INFO  TomcatWebServer:111 - Tomcat initialized with port 8081 (http)
2024-07-16 09:34:21 INFO  Http11NioProtocol:173 - Initializing ProtocolHandler ["http-nio-8081"]
2024-07-16 09:34:21 INFO  StandardService:173 - Starting service [Tomcat]
2024-07-16 09:34:21 INFO  StandardEngine:173 - Starting Servlet engine: [Apache Tomcat/10.1.25]
2024-07-16 09:34:21 INFO  [/]:173 - Initializing Spring embedded WebApplicationContext
2024-07-16 09:34:21 INFO  ServletWebServerApplicationContext:296 - Root WebApplicationContext: initialization completed in 370 ms
2024-07-16 09:34:21 INFO  Database:38 - The driver name is SQLite JDBC
2024-07-16 09:34:21 INFO  Database:39 - Connection created with database.
2024-07-16 09:34:21 INFO  WelcomePageHandlerMapping:59 - Adding welcome page template: index
2024-07-16 09:34:21 INFO  OptionalLiveReloadServer:59 - LiveReload server is running on port 35729
2024-07-16 09:34:21 INFO  Http11NioProtocol:173 - Starting ProtocolHandler ["http-nio-8081"]
2024-07-16 09:34:21 INFO  TomcatWebServer:243 - Tomcat started on port 8081 (http) with context path '/'
2024-07-16 09:34:21 INFO  CatGameWesbiteApplication:56 - Started CatGameWesbiteApplication in 0.663 seconds (process running for 115.35)
2024-07-16 09:34:21 INFO  ConditionEvaluationDeltaLoggingListener:63 - Condition evaluation unchanged
2024-07-16 09:34:25 INFO  [/]:173 - Initializing Spring DispatcherServlet 'dispatcherServlet'
2024-07-16 09:34:25 INFO  DispatcherServlet:532 - Initializing Servlet 'dispatcherServlet'
2024-07-16 09:34:25 INFO  DispatcherServlet:554 - Completed initialization in 0 ms
2024-07-16 09:34:33 INFO  Database:38 - The driver name is SQLite JDBC
2024-07-16 09:34:33 INFO  Database:39 - Connection created with database.
2024-07-16 09:34:33 INFO  Database:101 - User found.
2024-07-16 09:34:33 INFO  Database:118 - PASSWORD MATCH
2024-07-16 09:34:33 INFO  LoginController:26 - User found and password match.
2024-07-16 09:35:59 INFO  CatGameWesbiteApplication:50 - Starting CatGameWesbiteApplication using Java 22.0.1 with PID 6412 (C:\Users\HP\OneDrive\Área de Trabalho\CatGameWesbite\CatGameWesbite\target\classes started by HP in C:\Users\HP\OneDrive\Área de Trabalho\CatGameWesbite\CatGameWesbite)
2024-07-16 09:35:59 INFO  CatGameWesbiteApplication:654 - No active profile set, falling back to 1 default profile: "default"
2024-07-16 09:35:59 INFO  DevToolsPropertyDefaultsPostProcessor:252 - Devtools property defaults active! Set 'spring.devtools.add-properties' to 'false' to disable
2024-07-16 09:35:59 INFO  DevToolsPropertyDefaultsPostProcessor:252 - For additional web related logging consider setting the 'logging.level.web' property to 'DEBUG'
2024-07-16 09:36:01 INFO  TomcatWebServer:111 - Tomcat initialized with port 8081 (http)
2024-07-16 09:36:01 INFO  Http11NioProtocol:173 - Initializing ProtocolHandler ["http-nio-8081"]
2024-07-16 09:36:01 INFO  StandardService:173 - Starting service [Tomcat]
2024-07-16 09:36:01 INFO  StandardEngine:173 - Starting Servlet engine: [Apache Tomcat/10.1.25]
2024-07-16 09:36:01 INFO  [/]:173 - Initializing Spring embedded WebApplicationContext
2024-07-16 09:36:01 INFO  ServletWebServerApplicationContext:296 - Root WebApplicationContext: initialization completed in 1893 ms
2024-07-16 09:36:01 INFO  Database:38 - The driver name is SQLite JDBC
2024-07-16 09:36:01 INFO  Database:39 - Connection created with database.
2024-07-16 09:36:01 INFO  WelcomePageHandlerMapping:59 - Adding welcome page template: index
2024-07-16 09:36:02 INFO  OptionalLiveReloadServer:59 - LiveReload server is running on port 35729
2024-07-16 09:36:02 INFO  Http11NioProtocol:173 - Starting ProtocolHandler ["http-nio-8081"]
2024-07-16 09:36:02 INFO  TomcatWebServer:243 - Tomcat started on port 8081 (http) with context path '/'
2024-07-16 09:36:02 INFO  CatGameWesbiteApplication:56 - Started CatGameWesbiteApplication in 3.957 seconds (process running for 5.302)
2024-07-16 09:36:03 INFO  [/]:173 - Initializing Spring DispatcherServlet 'dispatcherServlet'
2024-07-16 09:36:03 INFO  DispatcherServlet:532 - Initializing Servlet 'dispatcherServlet'
2024-07-16 09:36:03 INFO  DispatcherServlet:554 - Completed initialization in 2 ms
2024-07-16 09:36:10 INFO  Database:38 - The driver name is SQLite JDBC
2024-07-16 09:36:10 INFO  Database:39 - Connection created with database.
2024-07-16 09:36:10 INFO  Database:101 - User found.
2024-07-16 09:36:11 INFO  Database:118 - PASSWORD MATCH
2024-07-16 09:36:11 INFO  LoginController:26 - User found and password match.
2024-07-16 09:36:11 ERROR TemplateEngine:1141 - [THYMELEAF][http-nio-8081-exec-9] Exception processing template "twofa": An error happened during template parsing (template: "class path resource [templates/twofa.html]" - line 9, col 38)
org.thymeleaf.exceptions.TemplateInputException: An error happened during template parsing (template: "class path resource [templates/twofa.html]" - line 9, col 38)
	at org.thymeleaf.templateparser.markup.AbstractMarkupTemplateParser.parse(AbstractMarkupTemplateParser.java:239) ~[thymeleaf-3.1.2.RELEASE.jar:3.1.2.RELEASE]
	at org.thymeleaf.templateparser.markup.AbstractMarkupTemplateParser.parseStandalone(AbstractMarkupTemplateParser.java:100) ~[thymeleaf-3.1.2.RELEASE.jar:3.1.2.RELEASE]
	at org.thymeleaf.engine.TemplateManager.parseAndProcess(TemplateManager.java:666) ~[thymeleaf-3.1.2.RELEASE.jar:3.1.2.RELEASE]
	at org.thymeleaf.TemplateEngine.process(TemplateEngine.java:1103) ~[thymeleaf-3.1.2.RELEASE.jar:3.1.2.RELEASE]
	at org.thymeleaf.TemplateEngine.process(TemplateEngine.java:1077) ~[thymeleaf-3.1.2.RELEASE.jar:3.1.2.RELEASE]
	at org.thymeleaf.spring6.view.ThymeleafView.renderFragment(ThymeleafView.java:372) ~[thymeleaf-spring6-3.1.2.RELEASE.jar:3.1.2.RELEASE]
	at org.thymeleaf.spring6.view.ThymeleafView.render(ThymeleafView.java:192) ~[thymeleaf-spring6-3.1.2.RELEASE.jar:3.1.2.RELEASE]
	at org.springframework.web.servlet.DispatcherServlet.render(DispatcherServlet.java:1431) ~[spring-webmvc-6.1.10.jar:6.1.10]
	at org.springframework.web.servlet.DispatcherServlet.processDispatchResult(DispatcherServlet.java:1167) ~[spring-webmvc-6.1.10.jar:6.1.10]
	at org.springframework.web.servlet.DispatcherServlet.doDispatch(DispatcherServlet.java:1106) ~[spring-webmvc-6.1.10.jar:6.1.10]
	at org.springframework.web.servlet.DispatcherServlet.doService(DispatcherServlet.java:979) ~[spring-webmvc-6.1.10.jar:6.1.10]
	at org.springframework.web.servlet.FrameworkServlet.processRequest(FrameworkServlet.java:1014) ~[spring-webmvc-6.1.10.jar:6.1.10]
	at org.springframework.web.servlet.FrameworkServlet.doGet(FrameworkServlet.java:903) ~[spring-webmvc-6.1.10.jar:6.1.10]
	at jakarta.servlet.http.HttpServlet.service(HttpServlet.java:564) ~[tomcat-embed-core-10.1.25.jar:6.0]
	at org.springframework.web.servlet.FrameworkServlet.service(FrameworkServlet.java:885) ~[spring-webmvc-6.1.10.jar:6.1.10]
	at jakarta.servlet.http.HttpServlet.service(HttpServlet.java:658) ~[tomcat-embed-core-10.1.25.jar:6.0]
	at org.apache.catalina.core.ApplicationFilterChain.internalDoFilter(ApplicationFilterChain.java:195) ~[tomcat-embed-core-10.1.25.jar:10.1.25]
	at org.apache.catalina.core.ApplicationFilterChain.doFilter(ApplicationFilterChain.java:140) ~[tomcat-embed-core-10.1.25.jar:10.1.25]
	at org.apache.tomcat.websocket.server.WsFilter.doFilter(WsFilter.java:51) ~[tomcat-embed-websocket-10.1.25.jar:10.1.25]
	at org.apache.catalina.core.ApplicationFilterChain.internalDoFilter(ApplicationFilterChain.java:164) ~[tomcat-embed-core-10.1.25.jar:10.1.25]
	at org.apache.catalina.core.ApplicationFilterChain.doFilter(ApplicationFilterChain.java:140) ~[tomcat-embed-core-10.1.25.jar:10.1.25]
	at org.springframework.web.filter.RequestContextFilter.doFilterInternal(RequestContextFilter.java:100) ~[spring-web-6.1.10.jar:6.1.10]
	at org.springframework.web.filter.OncePerRequestFilter.doFilter(OncePerRequestFilter.java:116) ~[spring-web-6.1.10.jar:6.1.10]
	at org.apache.catalina.core.ApplicationFilterChain.internalDoFilter(ApplicationFilterChain.java:164) ~[tomcat-embed-core-10.1.25.jar:10.1.25]
	at org.apache.catalina.core.ApplicationFilterChain.doFilter(ApplicationFilterChain.java:140) ~[tomcat-embed-core-10.1.25.jar:10.1.25]
	at org.springframework.web.filter.FormContentFilter.doFilterInternal(FormContentFilter.java:93) ~[spring-web-6.1.10.jar:6.1.10]
	at org.springframework.web.filter.OncePerRequestFilter.doFilter(OncePerRequestFilter.java:116) ~[spring-web-6.1.10.jar:6.1.10]
	at org.apache.catalina.core.ApplicationFilterChain.internalDoFilter(ApplicationFilterChain.java:164) ~[tomcat-embed-core-10.1.25.jar:10.1.25]
	at org.apache.catalina.core.ApplicationFilterChain.doFilter(ApplicationFilterChain.java:140) ~[tomcat-embed-core-10.1.25.jar:10.1.25]
	at org.springframework.web.filter.CharacterEncodingFilter.doFilterInternal(CharacterEncodingFilter.java:201) ~[spring-web-6.1.10.jar:6.1.10]
	at org.springframework.web.filter.OncePerRequestFilter.doFilter(OncePerRequestFilter.java:116) ~[spring-web-6.1.10.jar:6.1.10]
	at org.apache.catalina.core.ApplicationFilterChain.internalDoFilter(ApplicationFilterChain.java:164) ~[tomcat-embed-core-10.1.25.jar:10.1.25]
	at org.apache.catalina.core.ApplicationFilterChain.doFilter(ApplicationFilterChain.java:140) ~[tomcat-embed-core-10.1.25.jar:10.1.25]
	at org.apache.catalina.core.StandardWrapperValve.invoke(StandardWrapperValve.java:167) ~[tomcat-embed-core-10.1.25.jar:10.1.25]
	at org.apache.catalina.core.StandardContextValve.invoke(StandardContextValve.java:90) ~[tomcat-embed-core-10.1.25.jar:10.1.25]
	at org.apache.catalina.authenticator.AuthenticatorBase.invoke(AuthenticatorBase.java:482) ~[tomcat-embed-core-10.1.25.jar:10.1.25]
	at org.apache.catalina.core.StandardHostValve.invoke(StandardHostValve.java:115) ~[tomcat-embed-core-10.1.25.jar:10.1.25]
	at org.apache.catalina.valves.ErrorReportValve.invoke(ErrorReportValve.java:93) ~[tomcat-embed-core-10.1.25.jar:10.1.25]
	at org.apache.catalina.core.StandardEngineValve.invoke(StandardEngineValve.java:74) ~[tomcat-embed-core-10.1.25.jar:10.1.25]
	at org.apache.catalina.connector.CoyoteAdapter.service(CoyoteAdapter.java:344) ~[tomcat-embed-core-10.1.25.jar:10.1.25]
	at org.apache.coyote.http11.Http11Processor.service(Http11Processor.java:389) ~[tomcat-embed-core-10.1.25.jar:10.1.25]
	at org.apache.coyote.AbstractProcessorLight.process(AbstractProcessorLight.java:63) ~[tomcat-embed-core-10.1.25.jar:10.1.25]
	at org.apache.coyote.AbstractProtocol$ConnectionHandler.process(AbstractProtocol.java:904) ~[tomcat-embed-core-10.1.25.jar:10.1.25]
	at org.apache.tomcat.util.net.NioEndpoint$SocketProcessor.doRun(NioEndpoint.java:1741) ~[tomcat-embed-core-10.1.25.jar:10.1.25]
	at org.apache.tomcat.util.net.SocketProcessorBase.run(SocketProcessorBase.java:52) ~[tomcat-embed-core-10.1.25.jar:10.1.25]
	at org.apache.tomcat.util.threads.ThreadPoolExecutor.runWorker(ThreadPoolExecutor.java:1190) ~[tomcat-embed-core-10.1.25.jar:10.1.25]
	at org.apache.tomcat.util.threads.ThreadPoolExecutor$Worker.run(ThreadPoolExecutor.java:659) ~[tomcat-embed-core-10.1.25.jar:10.1.25]
	at org.apache.tomcat.util.threads.TaskThread$WrappingRunnable.run(TaskThread.java:63) ~[tomcat-embed-core-10.1.25.jar:10.1.25]
	at java.base/java.lang.Thread.run(Thread.java:1570) [?:?]
Caused by: org.attoparser.ParseException: (Line = 9, Column = 38) Malformed markup: Attribute "name" appears more than once in element
	at org.attoparser.MarkupEventProcessorHandler.handleAttribute(MarkupEventProcessorHandler.java:549) ~[attoparser-2.0.7.RELEASE.jar:2.0.7.RELEASE]
	at org.attoparser.ParsingAttributeSequenceUtil.parseAttributeSequence(ParsingAttributeSequenceUtil.java:300) ~[attoparser-2.0.7.RELEASE.jar:2.0.7.RELEASE]
	at org.attoparser.ParsingElementMarkupUtil.parseStandaloneElement(ParsingElementMarkupUtil.java:90) ~[attoparser-2.0.7.RELEASE.jar:2.0.7.RELEASE]
	at org.attoparser.MarkupParser.parseBuffer(MarkupParser.java:706) ~[attoparser-2.0.7.RELEASE.jar:2.0.7.RELEASE]
	at org.attoparser.MarkupParser.parseDocument(MarkupParser.java:301) ~[attoparser-2.0.7.RELEASE.jar:2.0.7.RELEASE]
	at org.attoparser.MarkupParser.parse(MarkupParser.java:257) ~[attoparser-2.0.7.RELEASE.jar:2.0.7.RELEASE]
	at org.thymeleaf.templateparser.markup.AbstractMarkupTemplateParser.parse(AbstractMarkupTemplateParser.java:230) ~[thymeleaf-3.1.2.RELEASE.jar:3.1.2.RELEASE]
	... 48 more
2024-07-16 09:36:11 ERROR [dispatcherServlet]:175 - Servlet.service() for servlet [dispatcherServlet] in context with path [] threw exception [Request processing failed: org.thymeleaf.exceptions.TemplateInputException: An error happened during template parsing (template: "class path resource [templates/twofa.html]" - line 9, col 38)] with root cause
org.attoparser.ParseException: (Line = 9, Column = 38) Malformed markup: Attribute "name" appears more than once in element
	at org.attoparser.MarkupEventProcessorHandler.handleAttribute(MarkupEventProcessorHandler.java:549) ~[attoparser-2.0.7.RELEASE.jar:2.0.7.RELEASE]
	at org.attoparser.ParsingAttributeSequenceUtil.parseAttributeSequence(ParsingAttributeSequenceUtil.java:300) ~[attoparser-2.0.7.RELEASE.jar:2.0.7.RELEASE]
	at org.attoparser.ParsingElementMarkupUtil.parseStandaloneElement(ParsingElementMarkupUtil.java:90) ~[attoparser-2.0.7.RELEASE.jar:2.0.7.RELEASE]
	at org.attoparser.MarkupParser.parseBuffer(MarkupParser.java:706) ~[attoparser-2.0.7.RELEASE.jar:2.0.7.RELEASE]
	at org.attoparser.MarkupParser.parseDocument(MarkupParser.java:301) ~[attoparser-2.0.7.RELEASE.jar:2.0.7.RELEASE]
	at org.attoparser.MarkupParser.parse(MarkupParser.java:257) ~[attoparser-2.0.7.RELEASE.jar:2.0.7.RELEASE]
	at org.thymeleaf.templateparser.markup.AbstractMarkupTemplateParser.parse(AbstractMarkupTemplateParser.java:230) ~[thymeleaf-3.1.2.RELEASE.jar:3.1.2.RELEASE]
	at org.thymeleaf.templateparser.markup.AbstractMarkupTemplateParser.parseStandalone(AbstractMarkupTemplateParser.java:100) ~[thymeleaf-3.1.2.RELEASE.jar:3.1.2.RELEASE]
	at org.thymeleaf.engine.TemplateManager.parseAndProcess(TemplateManager.java:666) ~[thymeleaf-3.1.2.RELEASE.jar:3.1.2.RELEASE]
	at org.thymeleaf.TemplateEngine.process(TemplateEngine.java:1103) ~[thymeleaf-3.1.2.RELEASE.jar:3.1.2.RELEASE]
	at org.thymeleaf.TemplateEngine.process(TemplateEngine.java:1077) ~[thymeleaf-3.1.2.RELEASE.jar:3.1.2.RELEASE]
	at org.thymeleaf.spring6.view.ThymeleafView.renderFragment(ThymeleafView.java:372) ~[thymeleaf-spring6-3.1.2.RELEASE.jar:3.1.2.RELEASE]
	at org.thymeleaf.spring6.view.ThymeleafView.render(ThymeleafView.java:192) ~[thymeleaf-spring6-3.1.2.RELEASE.jar:3.1.2.RELEASE]
	at org.springframework.web.servlet.DispatcherServlet.render(DispatcherServlet.java:1431) ~[spring-webmvc-6.1.10.jar:6.1.10]
	at org.springframework.web.servlet.DispatcherServlet.processDispatchResult(DispatcherServlet.java:1167) ~[spring-webmvc-6.1.10.jar:6.1.10]
	at org.springframework.web.servlet.DispatcherServlet.doDispatch(DispatcherServlet.java:1106) ~[spring-webmvc-6.1.10.jar:6.1.10]
	at org.springframework.web.servlet.DispatcherServlet.doService(DispatcherServlet.java:979) ~[spring-webmvc-6.1.10.jar:6.1.10]
	at org.springframework.web.servlet.FrameworkServlet.processRequest(FrameworkServlet.java:1014) ~[spring-webmvc-6.1.10.jar:6.1.10]
	at org.springframework.web.servlet.FrameworkServlet.doGet(FrameworkServlet.java:903) ~[spring-webmvc-6.1.10.jar:6.1.10]
	at jakarta.servlet.http.HttpServlet.service(HttpServlet.java:564) ~[tomcat-embed-core-10.1.25.jar:6.0]
	at org.springframework.web.servlet.FrameworkServlet.service(FrameworkServlet.java:885) ~[spring-webmvc-6.1.10.jar:6.1.10]
	at jakarta.servlet.http.HttpServlet.service(HttpServlet.java:658) ~[tomcat-embed-core-10.1.25.jar:6.0]
	at org.apache.catalina.core.ApplicationFilterChain.internalDoFilter(ApplicationFilterChain.java:195) ~[tomcat-embed-core-10.1.25.jar:10.1.25]
	at org.apache.catalina.core.ApplicationFilterChain.doFilter(ApplicationFilterChain.java:140) ~[tomcat-embed-core-10.1.25.jar:10.1.25]
	at org.apache.tomcat.websocket.server.WsFilter.doFilter(WsFilter.java:51) ~[tomcat-embed-websocket-10.1.25.jar:10.1.25]
	at org.apache.catalina.core.ApplicationFilterChain.internalDoFilter(ApplicationFilterChain.java:164) ~[tomcat-embed-core-10.1.25.jar:10.1.25]
	at org.apache.catalina.core.ApplicationFilterChain.doFilter(ApplicationFilterChain.java:140) ~[tomcat-embed-core-10.1.25.jar:10.1.25]
	at org.springframework.web.filter.RequestContextFilter.doFilterInternal(RequestContextFilter.java:100) ~[spring-web-6.1.10.jar:6.1.10]
	at org.springframework.web.filter.OncePerRequestFilter.doFilter(OncePerRequestFilter.java:116) ~[spring-web-6.1.10.jar:6.1.10]
	at org.apache.catalina.core.ApplicationFilterChain.internalDoFilter(ApplicationFilterChain.java:164) ~[tomcat-embed-core-10.1.25.jar:10.1.25]
	at org.apache.catalina.core.ApplicationFilterChain.doFilter(ApplicationFilterChain.java:140) ~[tomcat-embed-core-10.1.25.jar:10.1.25]
	at org.springframework.web.filter.FormContentFilter.doFilterInternal(FormContentFilter.java:93) ~[spring-web-6.1.10.jar:6.1.10]
	at org.springframework.web.filter.OncePerRequestFilter.doFilter(OncePerRequestFilter.java:116) ~[spring-web-6.1.10.jar:6.1.10]
	at org.apache.catalina.core.ApplicationFilterChain.internalDoFilter(ApplicationFilterChain.java:164) ~[tomcat-embed-core-10.1.25.jar:10.1.25]
	at org.apache.catalina.core.ApplicationFilterChain.doFilter(ApplicationFilterChain.java:140) ~[tomcat-embed-core-10.1.25.jar:10.1.25]
	at org.springframework.web.filter.CharacterEncodingFilter.doFilterInternal(CharacterEncodingFilter.java:201) ~[spring-web-6.1.10.jar:6.1.10]
	at org.springframework.web.filter.OncePerRequestFilter.doFilter(OncePerRequestFilter.java:116) ~[spring-web-6.1.10.jar:6.1.10]
	at org.apache.catalina.core.ApplicationFilterChain.internalDoFilter(ApplicationFilterChain.java:164) ~[tomcat-embed-core-10.1.25.jar:10.1.25]
	at org.apache.catalina.core.ApplicationFilterChain.doFilter(ApplicationFilterChain.java:140) ~[tomcat-embed-core-10.1.25.jar:10.1.25]
	at org.apache.catalina.core.StandardWrapperValve.invoke(StandardWrapperValve.java:167) ~[tomcat-embed-core-10.1.25.jar:10.1.25]
	at org.apache.catalina.core.StandardContextValve.invoke(StandardContextValve.java:90) ~[tomcat-embed-core-10.1.25.jar:10.1.25]
	at org.apache.catalina.authenticator.AuthenticatorBase.invoke(AuthenticatorBase.java:482) ~[tomcat-embed-core-10.1.25.jar:10.1.25]
	at org.apache.catalina.core.StandardHostValve.invoke(StandardHostValve.java:115) ~[tomcat-embed-core-10.1.25.jar:10.1.25]
	at org.apache.catalina.valves.ErrorReportValve.invoke(ErrorReportValve.java:93) ~[tomcat-embed-core-10.1.25.jar:10.1.25]
	at org.apache.catalina.core.StandardEngineValve.invoke(StandardEngineValve.java:74) ~[tomcat-embed-core-10.1.25.jar:10.1.25]
	at org.apache.catalina.connector.CoyoteAdapter.service(CoyoteAdapter.java:344) ~[tomcat-embed-core-10.1.25.jar:10.1.25]
	at org.apache.coyote.http11.Http11Processor.service(Http11Processor.java:389) ~[tomcat-embed-core-10.1.25.jar:10.1.25]
	at org.apache.coyote.AbstractProcessorLight.process(AbstractProcessorLight.java:63) ~[tomcat-embed-core-10.1.25.jar:10.1.25]
	at org.apache.coyote.AbstractProtocol$ConnectionHandler.process(AbstractProtocol.java:904) ~[tomcat-embed-core-10.1.25.jar:10.1.25]
	at org.apache.tomcat.util.net.NioEndpoint$SocketProcessor.doRun(NioEndpoint.java:1741) ~[tomcat-embed-core-10.1.25.jar:10.1.25]
	at org.apache.tomcat.util.net.SocketProcessorBase.run(SocketProcessorBase.java:52) ~[tomcat-embed-core-10.1.25.jar:10.1.25]
	at org.apache.tomcat.util.threads.ThreadPoolExecutor.runWorker(ThreadPoolExecutor.java:1190) ~[tomcat-embed-core-10.1.25.jar:10.1.25]
	at org.apache.tomcat.util.threads.ThreadPoolExecutor$Worker.run(ThreadPoolExecutor.java:659) ~[tomcat-embed-core-10.1.25.jar:10.1.25]
	at org.apache.tomcat.util.threads.TaskThread$WrappingRunnable.run(TaskThread.java:63) ~[tomcat-embed-core-10.1.25.jar:10.1.25]
	at java.base/java.lang.Thread.run(Thread.java:1570) [?:?]
2024-07-16 09:37:32 INFO  Database:38 - The driver name is SQLite JDBC
2024-07-16 09:37:32 INFO  Database:39 - Connection created with database.
2024-07-16 09:37:32 INFO  Database:101 - User found.
2024-07-16 09:37:32 INFO  Database:118 - PASSWORD MATCH
2024-07-16 09:37:32 INFO  LoginController:26 - User found and password match.
2024-07-16 09:37:32 ERROR TemplateEngine:1141 - [THYMELEAF][http-nio-8081-exec-10] Exception processing template "twofa": An error happened during template parsing (template: "class path resource [templates/twofa.html]" - line 9, col 38)
org.thymeleaf.exceptions.TemplateInputException: An error happened during template parsing (template: "class path resource [templates/twofa.html]" - line 9, col 38)
	at org.thymeleaf.templateparser.markup.AbstractMarkupTemplateParser.parse(AbstractMarkupTemplateParser.java:239) ~[thymeleaf-3.1.2.RELEASE.jar:3.1.2.RELEASE]
	at org.thymeleaf.templateparser.markup.AbstractMarkupTemplateParser.parseStandalone(AbstractMarkupTemplateParser.java:100) ~[thymeleaf-3.1.2.RELEASE.jar:3.1.2.RELEASE]
	at org.thymeleaf.engine.TemplateManager.parseAndProcess(TemplateManager.java:666) ~[thymeleaf-3.1.2.RELEASE.jar:3.1.2.RELEASE]
	at org.thymeleaf.TemplateEngine.process(TemplateEngine.java:1103) ~[thymeleaf-3.1.2.RELEASE.jar:3.1.2.RELEASE]
	at org.thymeleaf.TemplateEngine.process(TemplateEngine.java:1077) ~[thymeleaf-3.1.2.RELEASE.jar:3.1.2.RELEASE]
	at org.thymeleaf.spring6.view.ThymeleafView.renderFragment(ThymeleafView.java:372) ~[thymeleaf-spring6-3.1.2.RELEASE.jar:3.1.2.RELEASE]
	at org.thymeleaf.spring6.view.ThymeleafView.render(ThymeleafView.java:192) ~[thymeleaf-spring6-3.1.2.RELEASE.jar:3.1.2.RELEASE]
	at org.springframework.web.servlet.DispatcherServlet.render(DispatcherServlet.java:1431) ~[spring-webmvc-6.1.10.jar:6.1.10]
	at org.springframework.web.servlet.DispatcherServlet.processDispatchResult(DispatcherServlet.java:1167) ~[spring-webmvc-6.1.10.jar:6.1.10]
	at org.springframework.web.servlet.DispatcherServlet.doDispatch(DispatcherServlet.java:1106) ~[spring-webmvc-6.1.10.jar:6.1.10]
	at org.springframework.web.servlet.DispatcherServlet.doService(DispatcherServlet.java:979) ~[spring-webmvc-6.1.10.jar:6.1.10]
	at org.springframework.web.servlet.FrameworkServlet.processRequest(FrameworkServlet.java:1014) ~[spring-webmvc-6.1.10.jar:6.1.10]
	at org.springframework.web.servlet.FrameworkServlet.doGet(FrameworkServlet.java:903) ~[spring-webmvc-6.1.10.jar:6.1.10]
	at jakarta.servlet.http.HttpServlet.service(HttpServlet.java:564) ~[tomcat-embed-core-10.1.25.jar:6.0]
	at org.springframework.web.servlet.FrameworkServlet.service(FrameworkServlet.java:885) ~[spring-webmvc-6.1.10.jar:6.1.10]
	at jakarta.servlet.http.HttpServlet.service(HttpServlet.java:658) ~[tomcat-embed-core-10.1.25.jar:6.0]
	at org.apache.catalina.core.ApplicationFilterChain.internalDoFilter(ApplicationFilterChain.java:195) ~[tomcat-embed-core-10.1.25.jar:10.1.25]
	at org.apache.catalina.core.ApplicationFilterChain.doFilter(ApplicationFilterChain.java:140) ~[tomcat-embed-core-10.1.25.jar:10.1.25]
	at org.apache.tomcat.websocket.server.WsFilter.doFilter(WsFilter.java:51) ~[tomcat-embed-websocket-10.1.25.jar:10.1.25]
	at org.apache.catalina.core.ApplicationFilterChain.internalDoFilter(ApplicationFilterChain.java:164) ~[tomcat-embed-core-10.1.25.jar:10.1.25]
	at org.apache.catalina.core.ApplicationFilterChain.doFilter(ApplicationFilterChain.java:140) ~[tomcat-embed-core-10.1.25.jar:10.1.25]
	at org.springframework.web.filter.RequestContextFilter.doFilterInternal(RequestContextFilter.java:100) ~[spring-web-6.1.10.jar:6.1.10]
	at org.springframework.web.filter.OncePerRequestFilter.doFilter(OncePerRequestFilter.java:116) ~[spring-web-6.1.10.jar:6.1.10]
	at org.apache.catalina.core.ApplicationFilterChain.internalDoFilter(ApplicationFilterChain.java:164) ~[tomcat-embed-core-10.1.25.jar:10.1.25]
	at org.apache.catalina.core.ApplicationFilterChain.doFilter(ApplicationFilterChain.java:140) ~[tomcat-embed-core-10.1.25.jar:10.1.25]
	at org.springframework.web.filter.FormContentFilter.doFilterInternal(FormContentFilter.java:93) ~[spring-web-6.1.10.jar:6.1.10]
	at org.springframework.web.filter.OncePerRequestFilter.doFilter(OncePerRequestFilter.java:116) ~[spring-web-6.1.10.jar:6.1.10]
	at org.apache.catalina.core.ApplicationFilterChain.internalDoFilter(ApplicationFilterChain.java:164) ~[tomcat-embed-core-10.1.25.jar:10.1.25]
	at org.apache.catalina.core.ApplicationFilterChain.doFilter(ApplicationFilterChain.java:140) ~[tomcat-embed-core-10.1.25.jar:10.1.25]
	at org.springframework.web.filter.CharacterEncodingFilter.doFilterInternal(CharacterEncodingFilter.java:201) ~[spring-web-6.1.10.jar:6.1.10]
	at org.springframework.web.filter.OncePerRequestFilter.doFilter(OncePerRequestFilter.java:116) ~[spring-web-6.1.10.jar:6.1.10]
	at org.apache.catalina.core.ApplicationFilterChain.internalDoFilter(ApplicationFilterChain.java:164) ~[tomcat-embed-core-10.1.25.jar:10.1.25]
	at org.apache.catalina.core.ApplicationFilterChain.doFilter(ApplicationFilterChain.java:140) ~[tomcat-embed-core-10.1.25.jar:10.1.25]
	at org.apache.catalina.core.StandardWrapperValve.invoke(StandardWrapperValve.java:167) ~[tomcat-embed-core-10.1.25.jar:10.1.25]
	at org.apache.catalina.core.StandardContextValve.invoke(StandardContextValve.java:90) ~[tomcat-embed-core-10.1.25.jar:10.1.25]
	at org.apache.catalina.authenticator.AuthenticatorBase.invoke(AuthenticatorBase.java:482) ~[tomcat-embed-core-10.1.25.jar:10.1.25]
	at org.apache.catalina.core.StandardHostValve.invoke(StandardHostValve.java:115) ~[tomcat-embed-core-10.1.25.jar:10.1.25]
	at org.apache.catalina.valves.ErrorReportValve.invoke(ErrorReportValve.java:93) ~[tomcat-embed-core-10.1.25.jar:10.1.25]
	at org.apache.catalina.core.StandardEngineValve.invoke(StandardEngineValve.java:74) ~[tomcat-embed-core-10.1.25.jar:10.1.25]
	at org.apache.catalina.connector.CoyoteAdapter.service(CoyoteAdapter.java:344) ~[tomcat-embed-core-10.1.25.jar:10.1.25]
	at org.apache.coyote.http11.Http11Processor.service(Http11Processor.java:389) ~[tomcat-embed-core-10.1.25.jar:10.1.25]
	at org.apache.coyote.AbstractProcessorLight.process(AbstractProcessorLight.java:63) ~[tomcat-embed-core-10.1.25.jar:10.1.25]
	at org.apache.coyote.AbstractProtocol$ConnectionHandler.process(AbstractProtocol.java:904) ~[tomcat-embed-core-10.1.25.jar:10.1.25]
	at org.apache.tomcat.util.net.NioEndpoint$SocketProcessor.doRun(NioEndpoint.java:1741) ~[tomcat-embed-core-10.1.25.jar:10.1.25]
	at org.apache.tomcat.util.net.SocketProcessorBase.run(SocketProcessorBase.java:52) ~[tomcat-embed-core-10.1.25.jar:10.1.25]
	at org.apache.tomcat.util.threads.ThreadPoolExecutor.runWorker(ThreadPoolExecutor.java:1190) ~[tomcat-embed-core-10.1.25.jar:10.1.25]
	at org.apache.tomcat.util.threads.ThreadPoolExecutor$Worker.run(ThreadPoolExecutor.java:659) ~[tomcat-embed-core-10.1.25.jar:10.1.25]
	at org.apache.tomcat.util.threads.TaskThread$WrappingRunnable.run(TaskThread.java:63) ~[tomcat-embed-core-10.1.25.jar:10.1.25]
	at java.base/java.lang.Thread.run(Thread.java:1570) [?:?]
Caused by: org.attoparser.ParseException: (Line = 9, Column = 38) Malformed markup: Attribute "name" appears more than once in element
	at org.attoparser.MarkupEventProcessorHandler.handleAttribute(MarkupEventProcessorHandler.java:549) ~[attoparser-2.0.7.RELEASE.jar:2.0.7.RELEASE]
	at org.attoparser.ParsingAttributeSequenceUtil.parseAttributeSequence(ParsingAttributeSequenceUtil.java:300) ~[attoparser-2.0.7.RELEASE.jar:2.0.7.RELEASE]
	at org.attoparser.ParsingElementMarkupUtil.parseStandaloneElement(ParsingElementMarkupUtil.java:90) ~[attoparser-2.0.7.RELEASE.jar:2.0.7.RELEASE]
	at org.attoparser.MarkupParser.parseBuffer(MarkupParser.java:706) ~[attoparser-2.0.7.RELEASE.jar:2.0.7.RELEASE]
	at org.attoparser.MarkupParser.parseDocument(MarkupParser.java:301) ~[attoparser-2.0.7.RELEASE.jar:2.0.7.RELEASE]
	at org.attoparser.MarkupParser.parse(MarkupParser.java:257) ~[attoparser-2.0.7.RELEASE.jar:2.0.7.RELEASE]
	at org.thymeleaf.templateparser.markup.AbstractMarkupTemplateParser.parse(AbstractMarkupTemplateParser.java:230) ~[thymeleaf-3.1.2.RELEASE.jar:3.1.2.RELEASE]
	... 48 more
2024-07-16 09:37:32 ERROR [dispatcherServlet]:175 - Servlet.service() for servlet [dispatcherServlet] in context with path [] threw exception [Request processing failed: org.thymeleaf.exceptions.TemplateInputException: An error happened during template parsing (template: "class path resource [templates/twofa.html]" - line 9, col 38)] with root cause
org.attoparser.ParseException: (Line = 9, Column = 38) Malformed markup: Attribute "name" appears more than once in element
	at org.attoparser.MarkupEventProcessorHandler.handleAttribute(MarkupEventProcessorHandler.java:549) ~[attoparser-2.0.7.RELEASE.jar:2.0.7.RELEASE]
	at org.attoparser.ParsingAttributeSequenceUtil.parseAttributeSequence(ParsingAttributeSequenceUtil.java:300) ~[attoparser-2.0.7.RELEASE.jar:2.0.7.RELEASE]
	at org.attoparser.ParsingElementMarkupUtil.parseStandaloneElement(ParsingElementMarkupUtil.java:90) ~[attoparser-2.0.7.RELEASE.jar:2.0.7.RELEASE]
	at org.attoparser.MarkupParser.parseBuffer(MarkupParser.java:706) ~[attoparser-2.0.7.RELEASE.jar:2.0.7.RELEASE]
	at org.attoparser.MarkupParser.parseDocument(MarkupParser.java:301) ~[attoparser-2.0.7.RELEASE.jar:2.0.7.RELEASE]
	at org.attoparser.MarkupParser.parse(MarkupParser.java:257) ~[attoparser-2.0.7.RELEASE.jar:2.0.7.RELEASE]
	at org.thymeleaf.templateparser.markup.AbstractMarkupTemplateParser.parse(AbstractMarkupTemplateParser.java:230) ~[thymeleaf-3.1.2.RELEASE.jar:3.1.2.RELEASE]
	at org.thymeleaf.templateparser.markup.AbstractMarkupTemplateParser.parseStandalone(AbstractMarkupTemplateParser.java:100) ~[thymeleaf-3.1.2.RELEASE.jar:3.1.2.RELEASE]
	at org.thymeleaf.engine.TemplateManager.parseAndProcess(TemplateManager.java:666) ~[thymeleaf-3.1.2.RELEASE.jar:3.1.2.RELEASE]
	at org.thymeleaf.TemplateEngine.process(TemplateEngine.java:1103) ~[thymeleaf-3.1.2.RELEASE.jar:3.1.2.RELEASE]
	at org.thymeleaf.TemplateEngine.process(TemplateEngine.java:1077) ~[thymeleaf-3.1.2.RELEASE.jar:3.1.2.RELEASE]
	at org.thymeleaf.spring6.view.ThymeleafView.renderFragment(ThymeleafView.java:372) ~[thymeleaf-spring6-3.1.2.RELEASE.jar:3.1.2.RELEASE]
	at org.thymeleaf.spring6.view.ThymeleafView.render(ThymeleafView.java:192) ~[thymeleaf-spring6-3.1.2.RELEASE.jar:3.1.2.RELEASE]
	at org.springframework.web.servlet.DispatcherServlet.render(DispatcherServlet.java:1431) ~[spring-webmvc-6.1.10.jar:6.1.10]
	at org.springframework.web.servlet.DispatcherServlet.processDispatchResult(DispatcherServlet.java:1167) ~[spring-webmvc-6.1.10.jar:6.1.10]
	at org.springframework.web.servlet.DispatcherServlet.doDispatch(DispatcherServlet.java:1106) ~[spring-webmvc-6.1.10.jar:6.1.10]
	at org.springframework.web.servlet.DispatcherServlet.doService(DispatcherServlet.java:979) ~[spring-webmvc-6.1.10.jar:6.1.10]
	at org.springframework.web.servlet.FrameworkServlet.processRequest(FrameworkServlet.java:1014) ~[spring-webmvc-6.1.10.jar:6.1.10]
	at org.springframework.web.servlet.FrameworkServlet.doGet(FrameworkServlet.java:903) ~[spring-webmvc-6.1.10.jar:6.1.10]
	at jakarta.servlet.http.HttpServlet.service(HttpServlet.java:564) ~[tomcat-embed-core-10.1.25.jar:6.0]
	at org.springframework.web.servlet.FrameworkServlet.service(FrameworkServlet.java:885) ~[spring-webmvc-6.1.10.jar:6.1.10]
	at jakarta.servlet.http.HttpServlet.service(HttpServlet.java:658) ~[tomcat-embed-core-10.1.25.jar:6.0]
	at org.apache.catalina.core.ApplicationFilterChain.internalDoFilter(ApplicationFilterChain.java:195) ~[tomcat-embed-core-10.1.25.jar:10.1.25]
	at org.apache.catalina.core.ApplicationFilterChain.doFilter(ApplicationFilterChain.java:140) ~[tomcat-embed-core-10.1.25.jar:10.1.25]
	at org.apache.tomcat.websocket.server.WsFilter.doFilter(WsFilter.java:51) ~[tomcat-embed-websocket-10.1.25.jar:10.1.25]
	at org.apache.catalina.core.ApplicationFilterChain.internalDoFilter(ApplicationFilterChain.java:164) ~[tomcat-embed-core-10.1.25.jar:10.1.25]
	at org.apache.catalina.core.ApplicationFilterChain.doFilter(ApplicationFilterChain.java:140) ~[tomcat-embed-core-10.1.25.jar:10.1.25]
	at org.springframework.web.filter.RequestContextFilter.doFilterInternal(RequestContextFilter.java:100) ~[spring-web-6.1.10.jar:6.1.10]
	at org.springframework.web.filter.OncePerRequestFilter.doFilter(OncePerRequestFilter.java:116) ~[spring-web-6.1.10.jar:6.1.10]
	at org.apache.catalina.core.ApplicationFilterChain.internalDoFilter(ApplicationFilterChain.java:164) ~[tomcat-embed-core-10.1.25.jar:10.1.25]
	at org.apache.catalina.core.ApplicationFilterChain.doFilter(ApplicationFilterChain.java:140) ~[tomcat-embed-core-10.1.25.jar:10.1.25]
	at org.springframework.web.filter.FormContentFilter.doFilterInternal(FormContentFilter.java:93) ~[spring-web-6.1.10.jar:6.1.10]
	at org.springframework.web.filter.OncePerRequestFilter.doFilter(OncePerRequestFilter.java:116) ~[spring-web-6.1.10.jar:6.1.10]
	at org.apache.catalina.core.ApplicationFilterChain.internalDoFilter(ApplicationFilterChain.java:164) ~[tomcat-embed-core-10.1.25.jar:10.1.25]
	at org.apache.catalina.core.ApplicationFilterChain.doFilter(ApplicationFilterChain.java:140) ~[tomcat-embed-core-10.1.25.jar:10.1.25]
	at org.springframework.web.filter.CharacterEncodingFilter.doFilterInternal(CharacterEncodingFilter.java:201) ~[spring-web-6.1.10.jar:6.1.10]
	at org.springframework.web.filter.OncePerRequestFilter.doFilter(OncePerRequestFilter.java:116) ~[spring-web-6.1.10.jar:6.1.10]
	at org.apache.catalina.core.ApplicationFilterChain.internalDoFilter(ApplicationFilterChain.java:164) ~[tomcat-embed-core-10.1.25.jar:10.1.25]
	at org.apache.catalina.core.ApplicationFilterChain.doFilter(ApplicationFilterChain.java:140) ~[tomcat-embed-core-10.1.25.jar:10.1.25]
	at org.apache.catalina.core.StandardWrapperValve.invoke(StandardWrapperValve.java:167) ~[tomcat-embed-core-10.1.25.jar:10.1.25]
	at org.apache.catalina.core.StandardContextValve.invoke(StandardContextValve.java:90) ~[tomcat-embed-core-10.1.25.jar:10.1.25]
	at org.apache.catalina.authenticator.AuthenticatorBase.invoke(AuthenticatorBase.java:482) ~[tomcat-embed-core-10.1.25.jar:10.1.25]
	at org.apache.catalina.core.StandardHostValve.invoke(StandardHostValve.java:115) ~[tomcat-embed-core-10.1.25.jar:10.1.25]
	at org.apache.catalina.valves.ErrorReportValve.invoke(ErrorReportValve.java:93) ~[tomcat-embed-core-10.1.25.jar:10.1.25]
	at org.apache.catalina.core.StandardEngineValve.invoke(StandardEngineValve.java:74) ~[tomcat-embed-core-10.1.25.jar:10.1.25]
	at org.apache.catalina.connector.CoyoteAdapter.service(CoyoteAdapter.java:344) ~[tomcat-embed-core-10.1.25.jar:10.1.25]
	at org.apache.coyote.http11.Http11Processor.service(Http11Processor.java:389) ~[tomcat-embed-core-10.1.25.jar:10.1.25]
	at org.apache.coyote.AbstractProcessorLight.process(AbstractProcessorLight.java:63) ~[tomcat-embed-core-10.1.25.jar:10.1.25]
	at org.apache.coyote.AbstractProtocol$ConnectionHandler.process(AbstractProtocol.java:904) ~[tomcat-embed-core-10.1.25.jar:10.1.25]
	at org.apache.tomcat.util.net.NioEndpoint$SocketProcessor.doRun(NioEndpoint.java:1741) ~[tomcat-embed-core-10.1.25.jar:10.1.25]
	at org.apache.tomcat.util.net.SocketProcessorBase.run(SocketProcessorBase.java:52) ~[tomcat-embed-core-10.1.25.jar:10.1.25]
	at org.apache.tomcat.util.threads.ThreadPoolExecutor.runWorker(ThreadPoolExecutor.java:1190) ~[tomcat-embed-core-10.1.25.jar:10.1.25]
	at org.apache.tomcat.util.threads.ThreadPoolExecutor$Worker.run(ThreadPoolExecutor.java:659) ~[tomcat-embed-core-10.1.25.jar:10.1.25]
	at org.apache.tomcat.util.threads.TaskThread$WrappingRunnable.run(TaskThread.java:63) ~[tomcat-embed-core-10.1.25.jar:10.1.25]
	at java.base/java.lang.Thread.run(Thread.java:1570) [?:?]
2024-07-16 09:38:53 INFO  Database:38 - The driver name is SQLite JDBC
2024-07-16 09:38:53 INFO  Database:39 - Connection created with database.
2024-07-16 09:38:53 INFO  Database:101 - User found.
2024-07-16 09:38:53 INFO  Database:118 - PASSWORD MATCH
2024-07-16 09:38:53 INFO  LoginController:26 - User found and password match.
2024-07-16 09:39:09 INFO  LocalDevToolsAutoConfiguration$RestartingClassPathChangeChangedEventListener:211 - Restarting due to 1 class path change (0 additions, 0 deletions, 1 modification)
2024-07-16 09:39:09 INFO  Http11NioProtocol:173 - Stopping ProtocolHandler ["http-nio-8081"]
2024-07-16 09:39:09 INFO  CatGameWesbiteApplication:50 - Starting CatGameWesbiteApplication using Java 22.0.1 with PID 6412 (C:\Users\HP\OneDrive\Área de Trabalho\CatGameWesbite\CatGameWesbite\target\classes started by HP in C:\Users\HP\OneDrive\Área de Trabalho\CatGameWesbite\CatGameWesbite)
2024-07-16 09:39:09 INFO  CatGameWesbiteApplication:654 - No active profile set, falling back to 1 default profile: "default"
2024-07-16 09:39:10 INFO  TomcatWebServer:111 - Tomcat initialized with port 8081 (http)
2024-07-16 09:39:10 INFO  Http11NioProtocol:173 - Initializing ProtocolHandler ["http-nio-8081"]
2024-07-16 09:39:10 INFO  StandardService:173 - Starting service [Tomcat]
2024-07-16 09:39:10 INFO  StandardEngine:173 - Starting Servlet engine: [Apache Tomcat/10.1.25]
2024-07-16 09:39:10 INFO  [/]:173 - Initializing Spring embedded WebApplicationContext
2024-07-16 09:39:10 INFO  ServletWebServerApplicationContext:296 - Root WebApplicationContext: initialization completed in 376 ms
2024-07-16 09:39:10 INFO  Database:38 - The driver name is SQLite JDBC
2024-07-16 09:39:10 INFO  Database:39 - Connection created with database.
2024-07-16 09:39:10 INFO  WelcomePageHandlerMapping:59 - Adding welcome page template: index
2024-07-16 09:39:10 INFO  OptionalLiveReloadServer:59 - LiveReload server is running on port 35729
2024-07-16 09:39:10 INFO  Http11NioProtocol:173 - Starting ProtocolHandler ["http-nio-8081"]
2024-07-16 09:39:10 INFO  TomcatWebServer:243 - Tomcat started on port 8081 (http) with context path '/'
2024-07-16 09:39:10 INFO  CatGameWesbiteApplication:56 - Started CatGameWesbiteApplication in 0.699 seconds (process running for 193.464)
2024-07-16 09:39:10 INFO  ConditionEvaluationDeltaLoggingListener:63 - Condition evaluation unchanged
2024-07-16 09:39:40 INFO  CatGameWesbiteApplication:50 - Starting CatGameWesbiteApplication using Java 22.0.1 with PID 12408 (C:\Users\HP\OneDrive\Área de Trabalho\CatGameWesbite\CatGameWesbite\target\classes started by HP in C:\Users\HP\OneDrive\Área de Trabalho\CatGameWesbite\CatGameWesbite)
2024-07-16 09:39:40 INFO  CatGameWesbiteApplication:654 - No active profile set, falling back to 1 default profile: "default"
2024-07-16 09:39:40 INFO  DevToolsPropertyDefaultsPostProcessor:252 - Devtools property defaults active! Set 'spring.devtools.add-properties' to 'false' to disable
2024-07-16 09:39:40 INFO  DevToolsPropertyDefaultsPostProcessor:252 - For additional web related logging consider setting the 'logging.level.web' property to 'DEBUG'
2024-07-16 09:39:42 INFO  TomcatWebServer:111 - Tomcat initialized with port 8081 (http)
2024-07-16 09:39:42 INFO  Http11NioProtocol:173 - Initializing ProtocolHandler ["http-nio-8081"]
2024-07-16 09:39:42 INFO  StandardService:173 - Starting service [Tomcat]
2024-07-16 09:39:42 INFO  StandardEngine:173 - Starting Servlet engine: [Apache Tomcat/10.1.25]
2024-07-16 09:39:42 INFO  [/]:173 - Initializing Spring embedded WebApplicationContext
2024-07-16 09:39:42 INFO  ServletWebServerApplicationContext:296 - Root WebApplicationContext: initialization completed in 1949 ms
2024-07-16 09:39:42 INFO  Database:38 - The driver name is SQLite JDBC
2024-07-16 09:39:42 INFO  Database:39 - Connection created with database.
2024-07-16 09:39:42 INFO  WelcomePageHandlerMapping:59 - Adding welcome page template: index
2024-07-16 09:39:43 INFO  OptionalLiveReloadServer:59 - LiveReload server is running on port 35729
2024-07-16 09:39:43 INFO  Http11NioProtocol:173 - Starting ProtocolHandler ["http-nio-8081"]
2024-07-16 09:39:43 INFO  TomcatWebServer:243 - Tomcat started on port 8081 (http) with context path '/'
2024-07-16 09:39:43 INFO  CatGameWesbiteApplication:56 - Started CatGameWesbiteApplication in 4.401 seconds (process running for 5.86)
2024-07-16 09:39:43 INFO  [/]:173 - Initializing Spring DispatcherServlet 'dispatcherServlet'
2024-07-16 09:39:43 INFO  DispatcherServlet:532 - Initializing Servlet 'dispatcherServlet'
2024-07-16 09:39:43 INFO  DispatcherServlet:554 - Completed initialization in 1 ms
2024-07-16 09:39:52 INFO  Database:38 - The driver name is SQLite JDBC
2024-07-16 09:39:52 INFO  Database:39 - Connection created with database.
2024-07-16 09:39:52 INFO  Database:101 - User found.
2024-07-16 09:39:52 INFO  Database:118 - PASSWORD MATCH
2024-07-16 09:39:52 INFO  LoginController:26 - User found and password match.
2024-07-16 09:41:13 INFO  Database:38 - The driver name is SQLite JDBC
2024-07-16 09:41:13 INFO  Database:39 - Connection created with database.
2024-07-16 09:41:13 INFO  Database:101 - User found.
2024-07-16 09:41:13 INFO  Database:118 - PASSWORD MATCH
2024-07-16 09:41:13 INFO  LoginController:26 - User found and password match.
2024-07-16 09:46:07 INFO  CatGameWesbiteApplication:50 - Starting CatGameWesbiteApplication using Java 22.0.1 with PID 2828 (C:\Users\HP\OneDrive\Área de Trabalho\CatGameWesbite\CatGameWesbite\target\classes started by HP in C:\Users\HP\OneDrive\Área de Trabalho\CatGameWesbite\CatGameWesbite)
2024-07-16 09:46:07 INFO  CatGameWesbiteApplication:654 - No active profile set, falling back to 1 default profile: "default"
2024-07-16 09:46:07 INFO  DevToolsPropertyDefaultsPostProcessor:252 - Devtools property defaults active! Set 'spring.devtools.add-properties' to 'false' to disable
2024-07-16 09:46:07 INFO  DevToolsPropertyDefaultsPostProcessor:252 - For additional web related logging consider setting the 'logging.level.web' property to 'DEBUG'
2024-07-16 09:46:09 INFO  TomcatWebServer:111 - Tomcat initialized with port 8081 (http)
2024-07-16 09:46:09 INFO  Http11NioProtocol:173 - Initializing ProtocolHandler ["http-nio-8081"]
2024-07-16 09:46:09 INFO  StandardService:173 - Starting service [Tomcat]
2024-07-16 09:46:09 INFO  StandardEngine:173 - Starting Servlet engine: [Apache Tomcat/10.1.25]
2024-07-16 09:46:09 INFO  [/]:173 - Initializing Spring embedded WebApplicationContext
2024-07-16 09:46:09 INFO  ServletWebServerApplicationContext:296 - Root WebApplicationContext: initialization completed in 1826 ms
2024-07-16 09:46:09 INFO  Database:38 - The driver name is SQLite JDBC
2024-07-16 09:46:09 INFO  Database:39 - Connection created with database.
2024-07-16 09:46:09 INFO  WelcomePageHandlerMapping:59 - Adding welcome page template: index
2024-07-16 09:46:10 INFO  OptionalLiveReloadServer:59 - LiveReload server is running on port 35729
2024-07-16 09:46:10 INFO  Http11NioProtocol:173 - Starting ProtocolHandler ["http-nio-8081"]
2024-07-16 09:46:10 INFO  TomcatWebServer:243 - Tomcat started on port 8081 (http) with context path '/'
2024-07-16 09:46:10 INFO  CatGameWesbiteApplication:56 - Started CatGameWesbiteApplication in 4.204 seconds (process running for 5.647)
2024-07-16 09:46:10 INFO  [/]:173 - Initializing Spring DispatcherServlet 'dispatcherServlet'
2024-07-16 09:46:10 INFO  DispatcherServlet:532 - Initializing Servlet 'dispatcherServlet'
2024-07-16 09:46:10 INFO  DispatcherServlet:554 - Completed initialization in 2 ms
2024-07-16 09:46:17 INFO  Database:38 - The driver name is SQLite JDBC
2024-07-16 09:46:17 INFO  Database:39 - Connection created with database.
2024-07-16 09:46:17 INFO  Database:101 - User found.
2024-07-16 09:46:17 INFO  Database:118 - PASSWORD MATCH
2024-07-16 09:46:17 INFO  LoginController:26 - User found and password match.
2024-07-16 09:46:35 INFO  Authentication:35 - Secret key get successfully.
2024-07-16 09:46:35 INFO  Authentication:35 - Secret key get successfully.
2024-07-16 09:46:35 INFO  Authentication:51 - Code created success.
2024-07-16 09:52:21 INFO  CatGameWesbiteApplication:50 - Starting CatGameWesbiteApplication using Java 22.0.1 with PID 10812 (C:\Users\HP\OneDrive\Área de Trabalho\CatGameWesbite\CatGameWesbite\target\classes started by HP in C:\Users\HP\OneDrive\Área de Trabalho\CatGameWesbite\CatGameWesbite)
2024-07-16 09:52:21 INFO  CatGameWesbiteApplication:654 - No active profile set, falling back to 1 default profile: "default"
2024-07-16 09:52:21 INFO  DevToolsPropertyDefaultsPostProcessor:252 - Devtools property defaults active! Set 'spring.devtools.add-properties' to 'false' to disable
2024-07-16 09:52:21 INFO  DevToolsPropertyDefaultsPostProcessor:252 - For additional web related logging consider setting the 'logging.level.web' property to 'DEBUG'
2024-07-16 09:52:23 INFO  TomcatWebServer:111 - Tomcat initialized with port 8081 (http)
2024-07-16 09:52:23 INFO  Http11NioProtocol:173 - Initializing ProtocolHandler ["http-nio-8081"]
2024-07-16 09:52:23 INFO  StandardService:173 - Starting service [Tomcat]
2024-07-16 09:52:23 INFO  StandardEngine:173 - Starting Servlet engine: [Apache Tomcat/10.1.25]
2024-07-16 09:52:23 INFO  [/]:173 - Initializing Spring embedded WebApplicationContext
2024-07-16 09:52:23 INFO  ServletWebServerApplicationContext:296 - Root WebApplicationContext: initialization completed in 2176 ms
2024-07-16 09:52:24 INFO  Authentication:35 - Secret key get successfully.
2024-07-16 09:52:24 INFO  Database:38 - The driver name is SQLite JDBC
2024-07-16 09:52:24 INFO  Database:39 - Connection created with database.
2024-07-16 09:52:24 INFO  WelcomePageHandlerMapping:59 - Adding welcome page template: index
2024-07-16 09:52:24 INFO  OptionalLiveReloadServer:59 - LiveReload server is running on port 35729
2024-07-16 09:52:24 INFO  Http11NioProtocol:173 - Starting ProtocolHandler ["http-nio-8081"]
2024-07-16 09:52:24 INFO  TomcatWebServer:243 - Tomcat started on port 8081 (http) with context path '/'
2024-07-16 09:52:25 INFO  CatGameWesbiteApplication:56 - Started CatGameWesbiteApplication in 4.374 seconds (process running for 5.793)
2024-07-16 09:52:25 INFO  [/]:173 - Initializing Spring DispatcherServlet 'dispatcherServlet'
2024-07-16 09:52:25 INFO  DispatcherServlet:532 - Initializing Servlet 'dispatcherServlet'
2024-07-16 09:52:25 INFO  DispatcherServlet:554 - Completed initialization in 1 ms
2024-07-16 09:52:31 INFO  Database:38 - The driver name is SQLite JDBC
2024-07-16 09:52:31 INFO  Database:39 - Connection created with database.
2024-07-16 09:52:31 INFO  Database:101 - User found.
2024-07-16 09:52:31 INFO  Database:118 - PASSWORD MATCH
2024-07-16 09:52:31 INFO  LoginController:26 - User found and password match.
2024-07-16 09:52:49 INFO  Authentication:35 - Secret key get successfully.
2024-07-16 09:52:49 INFO  Authentication:50 - Code created success.
2024-07-16 09:52:49 INFO  AuthController:27 - Auth Codes match.
2024-07-16 09:53:00 INFO  Database:38 - The driver name is SQLite JDBC
2024-07-16 09:53:00 INFO  Database:39 - Connection created with database.
2024-07-16 09:53:00 INFO  Database:101 - User found.
2024-07-16 09:53:00 INFO  Database:118 - PASSWORD MATCH
2024-07-16 09:53:00 INFO  LoginController:26 - User found and password match.
2024-07-16 09:53:03 INFO  Authentication:35 - Secret key get successfully.
2024-07-16 09:53:03 INFO  Authentication:50 - Code created success.
2024-07-16 09:53:03 ERROR AuthController:32 - User provided a wrong code.
